Log file open, 02/05/19 13:59:44
LogWindows: Failed to load 'aqProf.dll' (GetLastError=126)
LogWindows: File 'aqProf.dll' does not exist
LogWindows: Failed to load 'VtuneApi.dll' (GetLastError=126)
LogWindows: File 'VtuneApi.dll' does not exist
LogWindows: Failed to load 'VtuneApi32e.dll' (GetLastError=126)
LogWindows: File 'VtuneApi32e.dll' does not exist
LogConsoleResponse: Display: Failed to find resolution value strings in scalability ini. Falling back to default.
LogInit: Display: Running engine for game: MyProject1
LogPakFile: Registered encryption key '00000000000000000000000000000000': 0 pak files mounted, 0 remain pending
LogPlatformFile: Not using cached read wrapper
LogTaskGraph: Started task graph with 5 named threads and 35 total threads with 3 sets of task threads.
LogStats: Stats thread started at 0.389286
LogD3D11RHI: Loaded GFSDK_Aftermath_Lib.x64.dll
LogICUInternationalization: ICU TimeZone Detection - Raw Offset: +9:00, Platform Override: ''
LogPluginManager: Mounting plugin Paper2D
LogPluginManager: Mounting plugin AISupport
LogPluginManager: Mounting plugin LightPropagationVolume
LogPluginManager: Mounting plugin ActorLayerUtilities
LogPluginManager: Mounting plugin CLionSourceCodeAccess
LogPluginManager: Mounting plugin CodeLiteSourceCodeAccess
LogPluginManager: Mounting plugin GitSourceControl
LogPluginManager: Mounting plugin KDevelopSourceCodeAccess
LogPluginManager: Mounting plugin NullSourceCodeAccess
LogPluginManager: Mounting plugin PerforceSourceControl
LogPluginManager: Mounting plugin SubversionSourceControl
LogPluginManager: Mounting plugin UObjectPlugin
LogPluginManager: Mounting plugin VisualStudioCodeSourceCodeAccess
LogPluginManager: Mounting plugin VisualStudioSourceCodeAccess
LogPluginManager: Mounting plugin XCodeSourceCodeAccess
LogPluginManager: Mounting plugin AssetManagerEditor
LogPluginManager: Mounting plugin CryptoKeys
LogPluginManager: Mounting plugin DataValidation
LogPluginManager: Mounting plugin FacialAnimation
LogPluginManager: Mounting plugin GameplayTagsEditor
LogPluginManager: Mounting plugin MacGraphicsSwitching
LogPluginManager: Mounting plugin MeshEditor
LogPluginManager: Mounting plugin MobileLauncherProfileWizard
LogPluginManager: Mounting plugin PluginBrowser
LogPluginManager: Mounting plugin SpeedTreeImporter
LogPluginManager: Mounting plugin DatasmithContent
LogPluginManager: Mounting plugin VariantManagerContent
LogPluginManager: Mounting plugin AlembicImporter
LogPluginManager: Mounting plugin AppleImageUtils
LogPluginManager: Mounting plugin AppleVision
LogPluginManager: Mounting plugin BackChannel
LogPluginManager: Mounting plugin CharacterAI
LogPluginManager: Mounting plugin GeometryCache
LogPluginManager: Mounting plugin HTML5Networking
LogPluginManager: Mounting plugin ProxyLODPlugin
LogPluginManager: Mounting plugin MagicLeap
LogPluginManager: Mounting plugin MagicLeapMedia
LogPluginManager: Mounting plugin AndroidMedia
LogPluginManager: Mounting plugin AvfMedia
LogPluginManager: Mounting plugin ImgMedia
LogPluginManager: Mounting plugin LinearTimecode
LogPluginManager: Mounting plugin MediaCompositing
LogPluginManager: Mounting plugin MediaPlayerEditor
LogPluginManager: Mounting plugin WebMMedia
LogPluginManager: Mounting plugin WmfMedia
LogPluginManager: Mounting plugin TcpMessaging
LogPluginManager: Mounting plugin UdpMessaging
LogPluginManager: Mounting plugin ActorSequence
LogPluginManager: Mounting plugin LevelSequenceEditor
LogPluginManager: Mounting plugin MatineeToLevelSequence
LogPluginManager: Mounting plugin NetcodeUnitTest
LogPluginManager: Mounting plugin NUTUnrealEngine4
LogPluginManager: Mounting plugin OnlineSubsystemGooglePlay
LogPluginManager: Mounting plugin OnlineSubsystemIOS
LogPluginManager: Mounting plugin OnlineSubsystem
LogPluginManager: Mounting plugin OnlineSubsystemNull
LogPluginManager: Mounting plugin OnlineSubsystemUtils
LogPluginManager: Mounting plugin LauncherChunkInstaller
LogPluginManager: Mounting plugin AndroidDeviceProfileSelector
LogPluginManager: Mounting plugin AndroidMoviePlayer
LogPluginManager: Mounting plugin AndroidPermission
LogPluginManager: Mounting plugin AppleMoviePlayer
LogPluginManager: Mounting plugin ArchVisCharacter
LogPluginManager: Mounting plugin AudioCapture
LogPluginManager: Mounting plugin CableComponent
LogPluginManager: Mounting plugin CustomMeshComponent
LogPluginManager: Mounting plugin EditableMesh
LogPluginManager: Mounting plugin ExampleDeviceProfileSelector
LogPluginManager: Mounting plugin Firebase
LogPluginManager: Mounting plugin GoogleCloudMessaging
LogPluginManager: Mounting plugin IOSDeviceProfileSelector
LogPluginManager: Mounting plugin LinuxDeviceProfileSelector
LogPluginManager: Mounting plugin LocationServicesBPLibrary
LogPluginManager: Mounting plugin MobilePatchingUtils
LogPluginManager: Mounting plugin OculusVR
LogPluginManager: Mounting plugin PhysXVehicles
LogPluginManager: Mounting plugin ProceduralMeshComponent
LogPluginManager: Mounting plugin RuntimePhysXCooking
LogPluginManager: Mounting plugin SteamVR
LogPluginManager: Mounting plugin WebMMoviePlayer
LogPluginManager: Mounting plugin WindowsMoviePlayer
LogStreaming: Display: Took  0.094s to configure plugins.
LogInit: Using libcurl 7.55.1-DEV
LogInit:  - built for x86_64-pc-win32
LogInit:  - supports SSL with OpenSSL/1.0.2h
LogInit:  - supports HTTP deflate (compression) using libz 1.2.8
LogInit:  - other features:
LogInit:      CURL_VERSION_SSL
LogInit:      CURL_VERSION_LIBZ
LogInit:      CURL_VERSION_IPV6
LogInit:      CURL_VERSION_ASYNCHDNS
LogInit:      CURL_VERSION_LARGEFILE
LogInit:      CURL_VERSION_IDN
LogInit:  CurlRequestOptions (configurable via config and command line):
LogInit:  - bVerifyPeer = true  - Libcurl will verify peer certificate
LogInit:  - bUseHttpProxy = false  - Libcurl will NOT use HTTP proxy
LogInit:  - bDontReuseConnections = false  - Libcurl will reuse connections
LogInit:  - MaxHostConnections = 16  - Libcurl will limit the number of connections to a host
LogInit:  - LocalHostAddr = Default
LogInit:  - BufferSize = 65536
LogInit: WinSock: version 1.1 (2.2), MaxSocks=32767, MaxUdp=65467
LogInit: Build: ++UE4+Release-4.21-CL-4753647
LogInit: Engine Version: 4.21.2-4753647+++UE4+Release-4.21
LogInit: Compatible Engine Version: 4.21.0-4541578+++UE4+Release-4.21
LogInit: Net CL: 4541578
LogInit: OS: Windows 10 (), CPU: Intel(R) Core(TM) i7-8700 CPU @ 3.20GHz, GPU: NVIDIA GeForce GTX 1060 6GB
LogInit: Compiled (64-bit): Jan 19 2019 02:07:31
LogInit: Compiled with Visual C++: 19.13.26129.00
LogInit: Build Configuration: Development
LogInit: Branch Name: ++UE4+Release-4.21
LogInit: Command Line:  -EpicPortal -epicusername=workerholic72nd -epicuserid=a8b61fa9a4d74a75a39619d533577e05 -epiclocale=ja-JP
LogInit: Base Directory: C:/Program Files/Epic Games/UE_4.21/Engine/Binaries/Win64/
LogInit: Installed Engine Build: 1
LogDevObjectVersion: Number of dev versions registered: 22
LogDevObjectVersion:   Dev-Blueprints (B0D832E4-1F89-4F0D-ACCF-7EB736FD4AA2): 10
LogDevObjectVersion:   Dev-Build (E1C64328-A22C-4D53-A36C-8E866417BD8C): 0
LogDevObjectVersion:   Dev-Core (375EC13C-06E4-48FB-B500-84F0262A717E): 2
LogDevObjectVersion:   Dev-Editor (E4B068ED-F494-42E9-A231-DA0B2E46BB41): 26
LogDevObjectVersion:   Dev-Framework (CFFC743F-43B0-4480-9391-14DF171D2073): 34
LogDevObjectVersion:   Dev-Mobile (B02B49B5-BB20-44E9-A304-32B752E40360): 2
LogDevObjectVersion:   Dev-Networking (A4E4105C-59A1-49B5-A7C5-40C4547EDFEE): 0
LogDevObjectVersion:   Dev-Online (39C831C9-5AE6-47DC-9A44-9C173E1C8E7C): 0
LogDevObjectVersion:   Dev-Physics (78F01B33-EBEA-4F98-B9B4-84EACCB95AA2): 0
LogDevObjectVersion:   Dev-Platform (6631380F-2D4D-43E0-8009-CF276956A95A): 0
LogDevObjectVersion:   Dev-Rendering (12F88B9F-8875-4AFC-A67C-D90C383ABD29): 27
LogDevObjectVersion:   Dev-Sequencer (7B5AE74C-D270-4C10-A958-57980B212A5A): 9
LogDevObjectVersion:   Dev-VR (D7296918-1DD6-4BDD-9DE2-64A83CC13884): 2
LogDevObjectVersion:   Dev-LoadTimes (C2A15278-BFE7-4AFE-6C17-90FF531DF755): 1
LogDevObjectVersion:   Private-Geometry (6EACA3D4-40EC-4CC1-B786-8BED09428FC5): 3
LogDevObjectVersion:   Dev-AnimPhys (29E575DD-E0A3-4627-9D10-D276232CDCEA): 17
LogDevObjectVersion:   Dev-Anim (AF43A65D-7FD3-4947-9873-3E8ED9C1BB05): 2
LogDevObjectVersion:   Dev-ReflectionCapture (6B266CEC-1EC7-4B8F-A30B-E4D90942FC07): 1
LogDevObjectVersion:   Dev-Automation (0DF73D61-A23F-47EA-B727-89E90C41499A): 1
LogDevObjectVersion:   FortniteMain (601D1886-AC64-4F84-AA16-D3DE0DEAC7D6): 17
LogDevObjectVersion:   Dev-Enterprise (9DFFBCD6-494F-0158-E221-12823C92A888): 4
LogDevObjectVersion:   Dev-Niagara (F2AED0AC-9AFE-416F-8664-AA7FFA26D6FC): 1
LogStreaming: Display: Took  0.000s to delete old logs.
LogInit: Presizing for max 8388607 objects, including 0 objects not considered by GC, pre-allocating 0 bytes for permanent pool.
LogInit: Object subsystem initialized
LogConfig: Setting CVar [[con.DebugEarlyDefault:1]]
LogConfig: Setting CVar [[r.setres:1280x720]]
[2019.02.05-04.59.45:151][  0]LogConfig: Setting CVar [[r.VSync:0]]
[2019.02.05-04.59.45:151][  0]LogConfig: Setting CVar [[r.RHICmdBypass:0]]
[2019.02.05-04.59.45:151][  0]LogConfig: Applying CVar settings from Section [/Script/Engine.RendererSettings] File [C:/Users/souchi/Documents/Unreal Projects/課題研究VR/Saved/Config/Windows/Engine.ini]
[2019.02.05-04.59.45:151][  0]LogConfig: Setting CVar [[r.GPUCrashDebugging:0]]
[2019.02.05-04.59.45:151][  0]LogConfig: Applying CVar settings from Section [/Script/Engine.RendererOverrideSettings] File [C:/Users/souchi/Documents/Unreal Projects/課題研究VR/Saved/Config/Windows/Engine.ini]
[2019.02.05-04.59.45:151][  0]LogConfig: Applying CVar settings from Section [/Script/Engine.StreamingSettings] File [C:/Users/souchi/Documents/Unreal Projects/課題研究VR/Saved/Config/Windows/Engine.ini]
[2019.02.05-04.59.45:151][  0]LogConfig: Setting CVar [[s.MinBulkDataSizeForAsyncLoading:131072]]
[2019.02.05-04.59.45:151][  0]LogConfig: Setting CVar [[s.AsyncLoadingThreadEnabled:0]]
[2019.02.05-04.59.45:151][  0]LogConfig: Setting CVar [[s.EventDrivenLoaderEnabled:1]]
[2019.02.05-04.59.45:151][  0]LogConfig: Setting CVar [[s.WarnIfTimeLimitExceeded:0]]
[2019.02.05-04.59.45:151][  0]LogConfig: Setting CVar [[s.TimeLimitExceededMultiplier:1.5]]
[2019.02.05-04.59.45:151][  0]LogConfig: Setting CVar [[s.TimeLimitExceededMinTime:0.005]]
[2019.02.05-04.59.45:151][  0]LogConfig: Setting CVar [[s.UseBackgroundLevelStreaming:1]]
[2019.02.05-04.59.45:151][  0]LogConfig: Setting CVar [[s.PriorityAsyncLoadingExtraTime:15.0]]
[2019.02.05-04.59.45:151][  0]LogConfig: Setting CVar [[s.LevelStreamingActorsUpdateTimeLimit:5.0]]
[2019.02.05-04.59.45:151][  0]LogConfig: Setting CVar [[s.PriorityLevelStreamingActorsUpdateExtraTime:5.0]]
[2019.02.05-04.59.45:151][  0]LogConfig: Setting CVar [[s.LevelStreamingComponentsRegistrationGranularity:10]]
[2019.02.05-04.59.45:151][  0]LogConfig: Setting CVar [[s.UnregisterComponentsTimeLimit:1.0]]
[2019.02.05-04.59.45:151][  0]LogConfig: Setting CVar [[s.LevelStreamingComponentsUnregistrationGranularity:5]]
[2019.02.05-04.59.45:151][  0]LogConfig: Applying CVar settings from Section [/Script/Engine.GarbageCollectionSettings] File [C:/Users/souchi/Documents/Unreal Projects/課題研究VR/Saved/Config/Windows/Engine.ini]
[2019.02.05-04.59.45:151][  0]LogConfig: Setting CVar [[gc.MaxObjectsNotConsideredByGC:1]]
[2019.02.05-04.59.45:151][  0]LogConfig: Setting CVar [[gc.SizeOfPermanentObjectPool:0]]
[2019.02.05-04.59.45:151][  0]LogConfig: Setting CVar [[gc.FlushStreamingOnGC:0]]
[2019.02.05-04.59.45:151][  0]LogConfig: Setting CVar [[gc.NumRetriesBeforeForcingGC:10]]
[2019.02.05-04.59.45:151][  0]LogConfig: Setting CVar [[gc.AllowParallelGC:1]]
[2019.02.05-04.59.45:151][  0]LogConfig: Setting CVar [[gc.TimeBetweenPurgingPendingKillObjects:61.1]]
[2019.02.05-04.59.45:151][  0]LogConfig: Setting CVar [[gc.MaxObjectsInEditor:8388607]]
[2019.02.05-04.59.45:151][  0]LogConfig: Setting CVar [[gc.IncrementalBeginDestroyEnabled:1]]
[2019.02.05-04.59.45:151][  0]LogConfig: Setting CVar [[gc.CreateGCClusters:1]]
[2019.02.05-04.59.45:151][  0]LogConfig: Setting CVar [[gc.MergeGCClusters:0]]
[2019.02.05-04.59.45:151][  0]LogConfig: Setting CVar [[gc.MinGCClusterSize:5]]
[2019.02.05-04.59.45:151][  0]LogConfig: Setting CVar [[gc.ActorClusteringEnabled:0]]
[2019.02.05-04.59.45:151][  0]LogConfig: Setting CVar [[gc.BlueprintClusteringEnabled:0]]
[2019.02.05-04.59.45:151][  0]LogConfig: Setting CVar [[gc.UseDisregardForGCOnDedicatedServers:0]]
[2019.02.05-04.59.45:151][  0]LogConfig: Applying CVar settings from Section [/Script/Engine.NetworkSettings] File [C:/Users/souchi/Documents/Unreal Projects/課題研究VR/Saved/Config/Windows/Engine.ini]
[2019.02.05-04.59.45:151][  0]LogConfig: Applying CVar settings from Section [/Script/UnrealEd.CookerSettings] File [C:/Users/souchi/Documents/Unreal Projects/課題研究VR/Saved/Config/Windows/Engine.ini]
[2019.02.05-04.59.45:153][  0]LogConfig: Applying CVar settings from Section [ViewDistanceQuality@3] File [C:/Users/souchi/Documents/Unreal Projects/課題研究VR/Saved/Config/Windows/Scalability.ini]
[2019.02.05-04.59.45:153][  0]LogConfig: Setting CVar [[r.SkeletalMeshLODBias:0]]
[2019.02.05-04.59.45:153][  0]LogConfig: Setting CVar [[r.ViewDistanceScale:1.0]]
[2019.02.05-04.59.45:153][  0]LogConfig: Applying CVar settings from Section [AntiAliasingQuality@3] File [C:/Users/souchi/Documents/Unreal Projects/課題研究VR/Saved/Config/Windows/Scalability.ini]
[2019.02.05-04.59.45:153][  0]LogConfig: Setting CVar [[r.PostProcessAAQuality:4]]
[2019.02.05-04.59.45:153][  0]LogConfig: Applying CVar settings from Section [ShadowQuality@3] File [C:/Users/souchi/Documents/Unreal Projects/課題研究VR/Saved/Config/Windows/Scalability.ini]
[2019.02.05-04.59.45:153][  0]LogConfig: Setting CVar [[r.LightFunctionQuality:1]]
[2019.02.05-04.59.45:153][  0]LogConfig: Setting CVar [[r.ShadowQuality:5]]
[2019.02.05-04.59.45:153][  0]LogConfig: Setting CVar [[r.Shadow.CSM.MaxCascades:10]]
[2019.02.05-04.59.45:153][  0]LogConfig: Setting CVar [[r.Shadow.MaxResolution:2048]]
[2019.02.05-04.59.45:153][  0]LogConfig: Setting CVar [[r.Shadow.MaxCSMResolution:2048]]
[2019.02.05-04.59.45:153][  0]LogConfig: Setting CVar [[r.Shadow.RadiusThreshold:0.01]]
[2019.02.05-04.59.45:153][  0]LogConfig: Setting CVar [[r.Shadow.DistanceScale:1.0]]
[2019.02.05-04.59.45:153][  0]LogConfig: Setting CVar [[r.Shadow.CSM.TransitionScale:1.0]]
[2019.02.05-04.59.45:153][  0]LogConfig: Setting CVar [[r.Shadow.PreShadowResolutionFactor:1.0]]
[2019.02.05-04.59.45:153][  0]LogConfig: Setting CVar [[r.DistanceFieldShadowing:1]]
[2019.02.05-04.59.45:153][  0]LogConfig: Setting CVar [[r.DistanceFieldAO:1]]
[2019.02.05-04.59.45:153][  0]LogConfig: Setting CVar [[r.AOQuality:2]]
[2019.02.05-04.59.45:153][  0]LogConfig: Setting CVar [[r.VolumetricFog:1]]
[2019.02.05-04.59.45:153][  0]LogConfig: Setting CVar [[r.VolumetricFog.GridPixelSize:8]]
[2019.02.05-04.59.45:153][  0]LogConfig: Setting CVar [[r.VolumetricFog.GridSizeZ:128]]
[2019.02.05-04.59.45:153][  0]LogConfig: Setting CVar [[r.VolumetricFog.HistoryMissSupersampleCount:4]]
[2019.02.05-04.59.45:153][  0]LogConfig: Setting CVar [[r.LightMaxDrawDistanceScale:1]]
[2019.02.05-04.59.45:153][  0]LogConfig: Setting CVar [[r.CapsuleShadows:1]]
[2019.02.05-04.59.45:153][  0]LogConfig: Applying CVar settings from Section [PostProcessQuality@3] File [C:/Users/souchi/Documents/Unreal Projects/課題研究VR/Saved/Config/Windows/Scalability.ini]
[2019.02.05-04.59.45:153][  0]LogConfig: Setting CVar [[r.MotionBlurQuality:4]]
[2019.02.05-04.59.45:153][  0]LogConfig: Setting CVar [[r.AmbientOcclusionMipLevelFactor:0.4]]
[2019.02.05-04.59.45:153][  0]LogConfig: Setting CVar [[r.AmbientOcclusionMaxQuality:100]]
[2019.02.05-04.59.45:153][  0]LogConfig: Setting CVar [[r.AmbientOcclusionLevels:-1]]
[2019.02.05-04.59.45:153][  0]LogConfig: Setting CVar [[r.AmbientOcclusionRadiusScale:1.0]]
[2019.02.05-04.59.45:153][  0]LogConfig: Setting CVar [[r.DepthOfFieldQuality:2]]
[2019.02.05-04.59.45:153][  0]LogConfig: Setting CVar [[r.RenderTargetPoolMin:400]]
[2019.02.05-04.59.45:153][  0]LogConfig: Setting CVar [[r.LensFlareQuality:2]]
[2019.02.05-04.59.45:153][  0]LogConfig: Setting CVar [[r.SceneColorFringeQuality:1]]
[2019.02.05-04.59.45:153][  0]LogConfig: Setting CVar [[r.EyeAdaptationQuality:2]]
[2019.02.05-04.59.45:153][  0]LogConfig: Setting CVar [[r.BloomQuality:5]]
[2019.02.05-04.59.45:154][  0]LogConfig: Setting CVar [[r.FastBlurThreshold:100]]
[2019.02.05-04.59.45:154][  0]LogConfig: Setting CVar [[r.Upscale.Quality:3]]
[2019.02.05-04.59.45:154][  0]LogConfig: Setting CVar [[r.Tonemapper.GrainQuantization:1]]
[2019.02.05-04.59.45:154][  0]LogConfig: Setting CVar [[r.LightShaftQuality:1]]
[2019.02.05-04.59.45:154][  0]LogConfig: Setting CVar [[r.Filter.SizeScale:1]]
[2019.02.05-04.59.45:154][  0]LogConfig: Setting CVar [[r.Tonemapper.Quality:5]]
[2019.02.05-04.59.45:154][  0]LogConfig: Setting CVar [[r.DOF.Gather.AccumulatorQuality:1        ; higher gathering accumulator quality]]
[2019.02.05-04.59.45:154][  0]LogConfig: Setting CVar [[r.DOF.Gather.PostfilterMethod:1          ; Median3x3 postfilering method]]
[2019.02.05-04.59.45:154][  0]LogConfig: Setting CVar [[r.DOF.Gather.EnableBokehSettings:0       ; no bokeh simulation when gathering]]
[2019.02.05-04.59.45:154][  0]LogConfig: Setting CVar [[r.DOF.Gather.RingCount:4                 ; medium number of samples when gathering]]
[2019.02.05-04.59.45:154][  0]LogConfig: Setting CVar [[r.DOF.Scatter.ForegroundCompositing:1    ; additive foreground scattering]]
[2019.02.05-04.59.45:154][  0]LogConfig: Setting CVar [[r.DOF.Scatter.BackgroundCompositing:2    ; additive background scattering]]
[2019.02.05-04.59.45:154][  0]LogConfig: Setting CVar [[r.DOF.Scatter.EnableBokehSettings:1      ; bokeh simulation when scattering]]
[2019.02.05-04.59.45:154][  0]LogConfig: Setting CVar [[r.DOF.Scatter.MaxSpriteRatio:0.1         ; only a maximum of 10% of scattered bokeh]]
[2019.02.05-04.59.45:154][  0]LogConfig: Setting CVar [[r.DOF.Recombine.Quality:1                ; cheap slight out of focus]]
[2019.02.05-04.59.45:154][  0]LogConfig: Setting CVar [[r.DOF.Recombine.EnableBokehSettings:0    ; no bokeh simulation on slight out of focus]]
[2019.02.05-04.59.45:154][  0]LogConfig: Setting CVar [[r.DOF.TemporalAAQuality:1                ; more stable temporal accumulation]]
[2019.02.05-04.59.45:154][  0]LogConfig: Setting CVar [[r.DOF.Kernel.MaxForegroundRadius:0.025]]
[2019.02.05-04.59.45:154][  0]LogConfig: Setting CVar [[r.DOF.Kernel.MaxBackgroundRadius:0.025]]
[2019.02.05-04.59.45:154][  0]LogConfig: Applying CVar settings from Section [TextureQuality@3] File [C:/Users/souchi/Documents/Unreal Projects/課題研究VR/Saved/Config/Windows/Scalability.ini]
[2019.02.05-04.59.45:154][  0]LogConfig: Setting CVar [[r.Streaming.MipBias:0]]
[2019.02.05-04.59.45:154][  0]LogConfig: Setting CVar [[r.Streaming.AmortizeCPUToGPUCopy:0]]
[2019.02.05-04.59.45:154][  0]LogConfig: Setting CVar [[r.Streaming.MaxNumTexturesToStreamPerFrame:0]]
[2019.02.05-04.59.45:154][  0]LogConfig: Setting CVar [[r.Streaming.Boost:1]]
[2019.02.05-04.59.45:154][  0]LogConfig: Setting CVar [[r.MaxAnisotropy:8]]
[2019.02.05-04.59.45:154][  0]LogConfig: Setting CVar [[r.Streaming.LimitPoolSizeToVRAM:0]]
[2019.02.05-04.59.45:154][  0]LogConfig: Setting CVar [[r.Streaming.PoolSize:1000]]
[2019.02.05-04.59.45:154][  0]LogConfig: Setting CVar [[r.Streaming.MaxEffectiveScreenSize:0]]
[2019.02.05-04.59.45:154][  0]LogConfig: Applying CVar settings from Section [EffectsQuality@3] File [C:/Users/souchi/Documents/Unreal Projects/課題研究VR/Saved/Config/Windows/Scalability.ini]
[2019.02.05-04.59.45:154][  0]LogConfig: Setting CVar [[r.TranslucencyLightingVolumeDim:64]]
[2019.02.05-04.59.45:154][  0]LogConfig: Setting CVar [[r.RefractionQuality:2]]
[2019.02.05-04.59.45:154][  0]LogConfig: Setting CVar [[r.SSR.Quality:3]]
[2019.02.05-04.59.45:154][  0]LogConfig: Setting CVar [[r.SceneColorFormat:4]]
[2019.02.05-04.59.45:154][  0]LogConfig: Setting CVar [[r.DetailMode:2]]
[2019.02.05-04.59.45:154][  0]LogConfig: Setting CVar [[r.TranslucencyVolumeBlur:1]]
[2019.02.05-04.59.45:154][  0]LogConfig: Setting CVar [[r.MaterialQualityLevel:1 ; High quality]]
[2019.02.05-04.59.45:154][  0]LogConfig: Setting CVar [[r.SSS.Scale:1]]
[2019.02.05-04.59.45:154][  0]LogConfig: Setting CVar [[r.SSS.SampleSet:2]]
[2019.02.05-04.59.45:154][  0]LogConfig: Setting CVar [[r.SSS.Quality:1]]
[2019.02.05-04.59.45:154][  0]LogConfig: Setting CVar [[r.SSS.HalfRes:1]]
[2019.02.05-04.59.45:154][  0]LogConfig: Setting CVar [[r.EmitterSpawnRateScale:1.0]]
[2019.02.05-04.59.45:154][  0]LogConfig: Setting CVar [[r.ParticleLightQuality:2]]
[2019.02.05-04.59.45:154][  0]LogConfig: Applying CVar settings from Section [FoliageQuality@3] File [C:/Users/souchi/Documents/Unreal Projects/課題研究VR/Saved/Config/Windows/Scalability.ini]
[2019.02.05-04.59.45:154][  0]LogConfig: Setting CVar [[foliage.DensityScale:1.0]]
[2019.02.05-04.59.45:154][  0]LogConfig: Setting CVar [[grass.DensityScale:1.0]]
[2019.02.05-04.59.45:154][  0]LogInit: Selected Device Profile: [Windows]
[2019.02.05-04.59.45:154][  0]LogInit: Applying CVar settings loaded from the selected device profile: [Windows]
[2019.02.05-04.59.45:164][  0]LogHAL: Display: Platform has ~ 16 GB [17095958528 / 17179869184 / 16], which maps to Larger [LargestMinGB=32, LargerMinGB=12, DefaultMinGB=8, SmallerMinGB=6, SmallestMinGB=0)
[2019.02.05-04.59.45:164][  0]LogConfig: Setting CVar [[r.Vulkan.UseRealUBs:1]]
[2019.02.05-04.59.45:164][  0]LogInit: Going up to parent DeviceProfile []
[2019.02.05-04.59.45:164][  0]LogConfig: Applying CVar settings from Section [ViewDistanceQuality@3] File [C:/Users/souchi/Documents/Unreal Projects/課題研究VR/Saved/Config/Windows/Scalability.ini]
[2019.02.05-04.59.45:164][  0]LogConfig: Setting CVar [[r.SkeletalMeshLODBias:0]]
[2019.02.05-04.59.45:164][  0]LogConfig: Setting CVar [[r.ViewDistanceScale:1.0]]
[2019.02.05-04.59.45:164][  0]LogConfig: Applying CVar settings from Section [AntiAliasingQuality@3] File [C:/Users/souchi/Documents/Unreal Projects/課題研究VR/Saved/Config/Windows/Scalability.ini]
[2019.02.05-04.59.45:164][  0]LogConfig: Setting CVar [[r.PostProcessAAQuality:4]]
[2019.02.05-04.59.45:164][  0]LogConfig: Applying CVar settings from Section [ShadowQuality@3] File [C:/Users/souchi/Documents/Unreal Projects/課題研究VR/Saved/Config/Windows/Scalability.ini]
[2019.02.05-04.59.45:164][  0]LogConfig: Setting CVar [[r.LightFunctionQuality:1]]
[2019.02.05-04.59.45:164][  0]LogConfig: Setting CVar [[r.ShadowQuality:5]]
[2019.02.05-04.59.45:164][  0]LogConfig: Setting CVar [[r.Shadow.CSM.MaxCascades:10]]
[2019.02.05-04.59.45:164][  0]LogConfig: Setting CVar [[r.Shadow.MaxResolution:2048]]
[2019.02.05-04.59.45:164][  0]LogConfig: Setting CVar [[r.Shadow.MaxCSMResolution:2048]]
[2019.02.05-04.59.45:164][  0]LogConfig: Setting CVar [[r.Shadow.RadiusThreshold:0.01]]
[2019.02.05-04.59.45:164][  0]LogConfig: Setting CVar [[r.Shadow.DistanceScale:1.0]]
[2019.02.05-04.59.45:164][  0]LogConfig: Setting CVar [[r.Shadow.CSM.TransitionScale:1.0]]
[2019.02.05-04.59.45:164][  0]LogConfig: Setting CVar [[r.Shadow.PreShadowResolutionFactor:1.0]]
[2019.02.05-04.59.45:164][  0]LogConfig: Setting CVar [[r.DistanceFieldShadowing:1]]
[2019.02.05-04.59.45:164][  0]LogConfig: Setting CVar [[r.DistanceFieldAO:1]]
[2019.02.05-04.59.45:164][  0]LogConfig: Setting CVar [[r.AOQuality:2]]
[2019.02.05-04.59.45:164][  0]LogConfig: Setting CVar [[r.VolumetricFog:1]]
[2019.02.05-04.59.45:164][  0]LogConfig: Setting CVar [[r.VolumetricFog.GridPixelSize:8]]
[2019.02.05-04.59.45:164][  0]LogConfig: Setting CVar [[r.VolumetricFog.GridSizeZ:128]]
[2019.02.05-04.59.45:164][  0]LogConfig: Setting CVar [[r.VolumetricFog.HistoryMissSupersampleCount:4]]
[2019.02.05-04.59.45:164][  0]LogConfig: Setting CVar [[r.LightMaxDrawDistanceScale:1]]
[2019.02.05-04.59.45:164][  0]LogConfig: Setting CVar [[r.CapsuleShadows:1]]
[2019.02.05-04.59.45:164][  0]LogConfig: Applying CVar settings from Section [PostProcessQuality@3] File [C:/Users/souchi/Documents/Unreal Projects/課題研究VR/Saved/Config/Windows/Scalability.ini]
[2019.02.05-04.59.45:164][  0]LogConfig: Setting CVar [[r.MotionBlurQuality:4]]
[2019.02.05-04.59.45:164][  0]LogConfig: Setting CVar [[r.AmbientOcclusionMipLevelFactor:0.4]]
[2019.02.05-04.59.45:164][  0]LogConfig: Setting CVar [[r.AmbientOcclusionMaxQuality:100]]
[2019.02.05-04.59.45:164][  0]LogConfig: Setting CVar [[r.AmbientOcclusionLevels:-1]]
[2019.02.05-04.59.45:164][  0]LogConfig: Setting CVar [[r.AmbientOcclusionRadiusScale:1.0]]
[2019.02.05-04.59.45:164][  0]LogConfig: Setting CVar [[r.DepthOfFieldQuality:2]]
[2019.02.05-04.59.45:164][  0]LogConfig: Setting CVar [[r.RenderTargetPoolMin:400]]
[2019.02.05-04.59.45:164][  0]LogConfig: Setting CVar [[r.LensFlareQuality:2]]
[2019.02.05-04.59.45:164][  0]LogConfig: Setting CVar [[r.SceneColorFringeQuality:1]]
[2019.02.05-04.59.45:164][  0]LogConfig: Setting CVar [[r.EyeAdaptationQuality:2]]
[2019.02.05-04.59.45:164][  0]LogConfig: Setting CVar [[r.BloomQuality:5]]
[2019.02.05-04.59.45:164][  0]LogConfig: Setting CVar [[r.FastBlurThreshold:100]]
[2019.02.05-04.59.45:164][  0]LogConfig: Setting CVar [[r.Upscale.Quality:3]]
[2019.02.05-04.59.45:164][  0]LogConfig: Setting CVar [[r.Tonemapper.GrainQuantization:1]]
[2019.02.05-04.59.45:164][  0]LogConfig: Setting CVar [[r.LightShaftQuality:1]]
[2019.02.05-04.59.45:164][  0]LogConfig: Setting CVar [[r.Filter.SizeScale:1]]
[2019.02.05-04.59.45:164][  0]LogConfig: Setting CVar [[r.Tonemapper.Quality:5]]
[2019.02.05-04.59.45:164][  0]LogConfig: Setting CVar [[r.DOF.Gather.AccumulatorQuality:1        ; higher gathering accumulator quality]]
[2019.02.05-04.59.45:164][  0]LogConfig: Setting CVar [[r.DOF.Gather.PostfilterMethod:1          ; Median3x3 postfilering method]]
[2019.02.05-04.59.45:164][  0]LogConfig: Setting CVar [[r.DOF.Gather.EnableBokehSettings:0       ; no bokeh simulation when gathering]]
[2019.02.05-04.59.45:164][  0]LogConfig: Setting CVar [[r.DOF.Gather.RingCount:4                 ; medium number of samples when gathering]]
[2019.02.05-04.59.45:164][  0]LogConfig: Setting CVar [[r.DOF.Scatter.ForegroundCompositing:1    ; additive foreground scattering]]
[2019.02.05-04.59.45:164][  0]LogConfig: Setting CVar [[r.DOF.Scatter.BackgroundCompositing:2    ; additive background scattering]]
[2019.02.05-04.59.45:164][  0]LogConfig: Setting CVar [[r.DOF.Scatter.EnableBokehSettings:1      ; bokeh simulation when scattering]]
[2019.02.05-04.59.45:164][  0]LogConfig: Setting CVar [[r.DOF.Scatter.MaxSpriteRatio:0.1         ; only a maximum of 10% of scattered bokeh]]
[2019.02.05-04.59.45:164][  0]LogConfig: Setting CVar [[r.DOF.Recombine.Quality:1                ; cheap slight out of focus]]
[2019.02.05-04.59.45:164][  0]LogConfig: Setting CVar [[r.DOF.Recombine.EnableBokehSettings:0    ; no bokeh simulation on slight out of focus]]
[2019.02.05-04.59.45:164][  0]LogConfig: Setting CVar [[r.DOF.TemporalAAQuality:1                ; more stable temporal accumulation]]
[2019.02.05-04.59.45:164][  0]LogConfig: Setting CVar [[r.DOF.Kernel.MaxForegroundRadius:0.025]]
[2019.02.05-04.59.45:164][  0]LogConfig: Setting CVar [[r.DOF.Kernel.MaxBackgroundRadius:0.025]]
[2019.02.05-04.59.45:164][  0]LogConfig: Applying CVar settings from Section [TextureQuality@3] File [C:/Users/souchi/Documents/Unreal Projects/課題研究VR/Saved/Config/Windows/Scalability.ini]
[2019.02.05-04.59.45:164][  0]LogConfig: Setting CVar [[r.Streaming.MipBias:0]]
[2019.02.05-04.59.45:164][  0]LogConfig: Setting CVar [[r.Streaming.AmortizeCPUToGPUCopy:0]]
[2019.02.05-04.59.45:164][  0]LogConfig: Setting CVar [[r.Streaming.MaxNumTexturesToStreamPerFrame:0]]
[2019.02.05-04.59.45:164][  0]LogConfig: Setting CVar [[r.Streaming.Boost:1]]
[2019.02.05-04.59.45:164][  0]LogConfig: Setting CVar [[r.MaxAnisotropy:8]]
[2019.02.05-04.59.45:164][  0]LogConfig: Setting CVar [[r.Streaming.LimitPoolSizeToVRAM:0]]
[2019.02.05-04.59.45:164][  0]LogConfig: Setting CVar [[r.Streaming.PoolSize:1000]]
[2019.02.05-04.59.45:164][  0]LogConfig: Setting CVar [[r.Streaming.MaxEffectiveScreenSize:0]]
[2019.02.05-04.59.45:164][  0]LogConfig: Applying CVar settings from Section [EffectsQuality@3] File [C:/Users/souchi/Documents/Unreal Projects/課題研究VR/Saved/Config/Windows/Scalability.ini]
[2019.02.05-04.59.45:164][  0]LogConfig: Setting CVar [[r.TranslucencyLightingVolumeDim:64]]
[2019.02.05-04.59.45:164][  0]LogConfig: Setting CVar [[r.RefractionQuality:2]]
[2019.02.05-04.59.45:164][  0]LogConfig: Setting CVar [[r.SSR.Quality:3]]
[2019.02.05-04.59.45:164][  0]LogConfig: Setting CVar [[r.SceneColorFormat:4]]
[2019.02.05-04.59.45:164][  0]LogConfig: Setting CVar [[r.DetailMode:2]]
[2019.02.05-04.59.45:164][  0]LogConfig: Setting CVar [[r.TranslucencyVolumeBlur:1]]
[2019.02.05-04.59.45:164][  0]LogConfig: Setting CVar [[r.MaterialQualityLevel:1 ; High quality]]
[2019.02.05-04.59.45:164][  0]LogConfig: Setting CVar [[r.SSS.Scale:1]]
[2019.02.05-04.59.45:164][  0]LogConfig: Setting CVar [[r.SSS.SampleSet:2]]
[2019.02.05-04.59.45:164][  0]LogConfig: Setting CVar [[r.SSS.Quality:1]]
[2019.02.05-04.59.45:164][  0]LogConfig: Setting CVar [[r.SSS.HalfRes:1]]
[2019.02.05-04.59.45:164][  0]LogConfig: Setting CVar [[r.EmitterSpawnRateScale:1.0]]
[2019.02.05-04.59.45:164][  0]LogConfig: Setting CVar [[r.ParticleLightQuality:2]]
[2019.02.05-04.59.45:164][  0]LogConfig: Applying CVar settings from Section [FoliageQuality@3] File [C:/Users/souchi/Documents/Unreal Projects/課題研究VR/Saved/Config/Windows/Scalability.ini]
[2019.02.05-04.59.45:164][  0]LogConfig: Setting CVar [[foliage.DensityScale:1.0]]
[2019.02.05-04.59.45:164][  0]LogConfig: Setting CVar [[grass.DensityScale:1.0]]
[2019.02.05-04.59.45:164][  0]LogConfig: Applying CVar settings from Section [Startup] File [../../../Engine/Config/ConsoleVariables.ini]
[2019.02.05-04.59.45:165][  0]LogConfig: Setting CVar [[net.UseAdaptiveNetUpdateFrequency:0]]
[2019.02.05-04.59.45:165][  0]LogConfig: Applying CVar settings from Section [ConsoleVariables] File [C:/Users/souchi/Documents/Unreal Projects/課題研究VR/Saved/Config/Windows/Engine.ini]
[2019.02.05-04.59.45:165][  0]LogInit: Computer: DESKTOP-90SEQ0V
[2019.02.05-04.59.45:165][  0]LogInit: User: souchi
[2019.02.05-04.59.45:165][  0]LogInit: CPU Page size=4096, Cores=6
[2019.02.05-04.59.45:165][  0]LogInit: High frequency timer resolution =10.000000 MHz
[2019.02.05-04.59.45:165][  0]LogMemory: Memory total: Physical=15.9GB (16GB approx)
[2019.02.05-04.59.45:165][  0]LogMemory: Platform Memory Stats for Windows
[2019.02.05-04.59.45:165][  0]LogMemory: Process Physical Memory: 104.02 MB used, 104.02 MB peak
[2019.02.05-04.59.45:165][  0]LogMemory: Process Virtual Memory: 86.37 MB used, 86.37 MB peak
[2019.02.05-04.59.45:165][  0]LogMemory: Physical Memory: 4863.13 MB used,  11440.85 MB free, 16303.98 MB total
[2019.02.05-04.59.45:165][  0]LogMemory: Virtual Memory: 4662.44 MB used,  134213064.00 MB free, 134217728.00 MB total
[2019.02.05-04.59.45:175][  0]LogInit: Using OS detected language (ja-JP).
[2019.02.05-04.59.45:175][  0]LogInit: Using OS detected locale (ja-JP).
[2019.02.05-04.59.45:176][  0]LogTextLocalizationManager: No specific localization for 'ja-JP' exists, so the 'ja' localization will be used.
[2019.02.05-04.59.45:454][  0]LogStreaming: Display: Took  0.279s to InitEngineTextLocalization.
[2019.02.05-04.59.45:454][  0]LogInit: Setting process to per monitor DPI aware
[2019.02.05-04.59.45:489][  0]LogSlate: New Slate User Created.  User Index 0, Is Virtual User: 0
[2019.02.05-04.59.45:489][  0]LogSlate: Slate User Registered.  User Index 0, Is Virtual User: 0
[2019.02.05-04.59.45:659][  0]LogHMD: Failed to initialize OpenVR with code 110
[2019.02.05-04.59.45:659][  0]LogD3D11RHI: D3D11 adapters:
[2019.02.05-04.59.45:699][  0]LogD3D11RHI:    0. 'NVIDIA GeForce GTX 1060 6GB' (Feature Level 11_0)
[2019.02.05-04.59.45:699][  0]LogD3D11RHI:       6061/0/8151 MB DedicatedVideo/DedicatedSystem/SharedSystem, Outputs:1, VendorId:0x10de
[2019.02.05-04.59.45:701][  0]LogD3D11RHI:    1. 'Microsoft Basic Render Driver' (Feature Level 11_0)
[2019.02.05-04.59.45:701][  0]LogD3D11RHI:       0/0/8151 MB DedicatedVideo/DedicatedSystem/SharedSystem, Outputs:0, VendorId:0x1414
[2019.02.05-04.59.45:701][  0]LogD3D11RHI: Chosen D3D11 Adapter: 0
[2019.02.05-04.59.45:706][  0]LogD3D11RHI: Creating new Direct3DDevice
[2019.02.05-04.59.45:706][  0]LogD3D11RHI:     GPU DeviceId: 0x1c03 (for the marketing name, search the web for "GPU Device Id")
[2019.02.05-04.59.45:706][  0]LogWindows: EnumDisplayDevices:
[2019.02.05-04.59.45:706][  0]LogWindows:    0. 'NVIDIA GeForce GTX 1060 6GB' (P:1 D:1)
[2019.02.05-04.59.45:706][  0]LogWindows:    1. 'NVIDIA GeForce GTX 1060 6GB' (P:0 D:0)
[2019.02.05-04.59.45:706][  0]LogWindows:    2. 'NVIDIA GeForce GTX 1060 6GB' (P:0 D:0)
[2019.02.05-04.59.45:707][  0]LogWindows:    3. 'NVIDIA GeForce GTX 1060 6GB' (P:0 D:0)
[2019.02.05-04.59.45:707][  0]LogWindows: DebugString: FoundDriverCount:4 
[2019.02.05-04.59.45:707][  0]LogD3D11RHI:     Adapter Name: NVIDIA GeForce GTX 1060 6GB
[2019.02.05-04.59.45:707][  0]LogD3D11RHI:   Driver Version: 388.13 (internal:23.21.13.8813, unified:388.13)
[2019.02.05-04.59.45:707][  0]LogD3D11RHI:      Driver Date: 10-27-2017
[2019.02.05-04.59.45:707][  0]LogRHI: Texture pool is 4242 MB (70% of 6061 MB)
[2019.02.05-04.59.45:730][  0]LogD3D11RHI: Async texture creation enabled
[2019.02.05-04.59.45:741][  0]LogD3D11RHI: GPU Timing Frequency: 1000.000000 (Debug: 2 1)
[2019.02.05-04.59.46:036][  0]LogTemp: Display: Loaded TP AllDesktopTargetPlatform
[2019.02.05-04.59.46:047][  0]LogTemp: Display: Loaded TP MacClientTargetPlatform
[2019.02.05-04.59.46:057][  0]LogTemp: Display: Loaded TP MacNoEditorTargetPlatform
[2019.02.05-04.59.46:068][  0]LogTemp: Display: Loaded TP MacServerTargetPlatform
[2019.02.05-04.59.46:079][  0]LogTemp: Display: Loaded TP MacTargetPlatform
[2019.02.05-04.59.46:089][  0]LogTemp: Display: Loaded TP WindowsClientTargetPlatform
[2019.02.05-04.59.46:099][  0]LogTemp: Display: Loaded TP WindowsNoEditorTargetPlatform
[2019.02.05-04.59.46:110][  0]LogTemp: Display: Loaded TP WindowsServerTargetPlatform
[2019.02.05-04.59.46:115][  0]LogTemp: Display: Loaded TP WindowsTargetPlatform
[2019.02.05-04.59.46:174][  0]LogTemp: Display: Loaded TP AndroidTargetPlatform
[2019.02.05-04.59.46:174][  0]LogTemp: Display: Loaded TP AndroidTargetPlatform
[2019.02.05-04.59.46:174][  0]LogTemp: Display: Loaded TP AndroidTargetPlatform
[2019.02.05-04.59.46:174][  0]LogTemp: Display: Loaded TP AndroidTargetPlatform
[2019.02.05-04.59.46:174][  0]LogTemp: Display: Loaded TP AndroidTargetPlatform
[2019.02.05-04.59.46:174][  0]LogTemp: Display: Loaded TP AndroidTargetPlatform
[2019.02.05-04.59.46:174][  0]LogTemp: Display: Loaded TP AndroidTargetPlatform
[2019.02.05-04.59.46:174][  0]LogTemp: Display: Loaded TP AndroidTargetPlatform
[2019.02.05-04.59.46:174][  0]LogTemp: Display: Loaded TP AndroidTargetPlatform
[2019.02.05-04.59.46:174][  0]LogTemp: Display: Loaded TP AndroidTargetPlatform
[2019.02.05-04.59.46:174][  0]LogTemp: Display: Loaded TP AndroidTargetPlatform
[2019.02.05-04.59.46:174][  0]LogTemp: Display: Loaded TP AndroidTargetPlatform
[2019.02.05-04.59.46:174][  0]LogTemp: Display: Loaded TP AndroidTargetPlatform
[2019.02.05-04.59.46:174][  0]LogTemp: Display: Loaded TP AndroidTargetPlatform
[2019.02.05-04.59.46:174][  0]LogTemp: Display: Loaded TP AndroidTargetPlatform
[2019.02.05-04.59.46:174][  0]LogTemp: Display: Loaded TP AndroidTargetPlatform
[2019.02.05-04.59.46:174][  0]LogTemp: Display: Loaded TP AndroidTargetPlatform
[2019.02.05-04.59.46:174][  0]LogTemp: Display: Loaded TP AndroidTargetPlatform
[2019.02.05-04.59.46:175][  0]LogTemp: Display: Loaded TP HTML5TargetPlatform
[2019.02.05-04.59.46:231][  0]LogTemp: Display: Loaded TP IOSTargetPlatform
[2019.02.05-04.59.46:231][  0]LogTemp: Display: Loaded TP IOSTargetPlatform
[2019.02.05-04.59.46:249][  0]LogTemp: Display: Loaded TP TVOSTargetPlatform
[2019.02.05-04.59.46:249][  0]LogTemp: Display: Loaded TP TVOSTargetPlatform
[2019.02.05-04.59.46:258][  0]LogTemp: Display: Loaded TP LinuxClientTargetPlatform
[2019.02.05-04.59.46:268][  0]LogTemp: Display: Loaded TP LinuxNoEditorTargetPlatform
[2019.02.05-04.59.46:277][  0]LogTemp: Display: Loaded TP LinuxServerTargetPlatform
[2019.02.05-04.59.46:287][  0]LogTemp: Display: Loaded TP LinuxTargetPlatform
[2019.02.05-04.59.46:322][  0]LogTemp: Display: Loaded TP LuminTargetPlatform
[2019.02.05-04.59.46:322][  0]LogTemp: Display: Loaded TP LuminTargetPlatform
[2019.02.05-04.59.46:322][  0]LogTargetPlatformManager: Display: Building Assets For Windows
[2019.02.05-04.59.46:371][  0]LogShaderCompilers: Guid format shader working directory is -17 characters bigger than the processId version (../../../../../../Users/souchi/Documents/Unreal Projects/課題研究VR/Intermediate/Shaders/WorkingDirectory/10780/).
[2019.02.05-04.59.46:371][  0]LogShaderCompilers: Cleaned the shader compiler working directory 'C:/Users/souchi/AppData/Local/Temp/UnrealShaderWorkingDir/45ED8A514A78EC6AC2F8B7A630CF1C58/'.
[2019.02.05-04.59.46:373][  0]LogXGEController: Cannot use XGE Controller as Incredibuild is not installed on this machine.
[2019.02.05-04.59.46:373][  0]LogShaderCompilers: Cannot use XGE Shader Compiler as Incredibuild is not installed on this machine.
[2019.02.05-04.59.46:373][  0]LogShaderCompilers: Display: Using Local Shader Compiler.
[2019.02.05-04.59.46:834][  0]LogDerivedDataCache: Display: Max Cache Size: 512 MB
[2019.02.05-04.59.46:874][  0]LogDerivedDataCache: Loaded boot cache 0.04s 71MB C:/Users/souchi/AppData/Local/UnrealEngine/4.21/DerivedDataCache/Boot.ddc.
[2019.02.05-04.59.46:874][  0]LogDerivedDataCache: Display: Loaded Boot cache: C:/Users/souchi/AppData/Local/UnrealEngine/4.21/DerivedDataCache/Boot.ddc
[2019.02.05-04.59.46:874][  0]LogDerivedDataCache: FDerivedDataBackendGraph:  Pak pak cache file ../../../../../../Users/souchi/Documents/Unreal Projects/課題研究VR/DerivedDataCache/DDC.ddp not found, will not use a pak cache.
[2019.02.05-04.59.46:875][  0]LogDerivedDataCache: Unable to find inner node Pak for hierarchical cache Hierarchy.
[2019.02.05-04.59.46:875][  0]LogDerivedDataCache: FDerivedDataBackendGraph:  CompressedPak pak cache file ../../../../../../Users/souchi/Documents/Unreal Projects/課題研究VR/DerivedDataCache/Compressed.ddp not found, will not use a pak cache.
[2019.02.05-04.59.46:875][  0]LogDerivedDataCache: Unable to find inner node CompressedPak for hierarchical cache Hierarchy.
[2019.02.05-04.59.46:884][  0]LogDerivedDataCache: Display: Pak cache opened for reading ../../../Engine/DerivedDataCache/Compressed.ddp.
[2019.02.05-04.59.46:884][  0]LogDerivedDataCache: FDerivedDataBackendGraph:  EnterprisePak pak cache file ../../../Enterprise/DerivedDataCache/Compressed.ddp not found, will not use a pak cache.
[2019.02.05-04.59.46:884][  0]LogDerivedDataCache: Unable to find inner node EnterprisePak for hierarchical cache Hierarchy.
[2019.02.05-04.59.46:896][  0]LogDerivedDataCache: Using Local data cache path C:/Users/souchi/AppData/Local/UnrealEngine/Common/DerivedDataCache: Writable
[2019.02.05-04.59.46:896][  0]LogDerivedDataCache: Shared data cache path not found in *engine.ini, will not use an Shared cache.
[2019.02.05-04.59.46:896][  0]LogDerivedDataCache: Unable to find inner node Shared for hierarchical cache Hierarchy.
[2019.02.05-04.59.46:919][  0]LogMaterial: Verifying Global Shaders for PCD3D_SM5
[2019.02.05-04.59.46:920][  0]LogSlate: Using FreeType 2.6.0
[2019.02.05-04.59.46:921][  0]LogSlate: SlateFontServices - WITH_FREETYPE: 1, WITH_HARFBUZZ: 1
[2019.02.05-04.59.47:000][  0]LogAssetRegistry: FAssetRegistry took 0.0303 seconds to start up
[2019.02.05-04.59.47:280][  0]LogInit: Selected Device Profile: [Windows]
[2019.02.05-04.59.47:335][  0]LogSimplygon: Simplygon DLL not present - disabling.
[2019.02.05-04.59.47:338][  0]LogMeshReduction: Using SimplygonSwarm for distributed automatic mesh merging
[2019.02.05-04.59.47:338][  0]LogMeshReduction: Using ProxyLODMeshReduction for automatic mesh merging
[2019.02.05-04.59.47:338][  0]LogMeshReduction: Using QuadricMeshReduction for automatic static mesh reduction
[2019.02.05-04.59.47:338][  0]LogMeshReduction: No automatic skeletal mesh reduction module available
[2019.02.05-04.59.47:409][  0]LogNetVersion: MyProject1 1.0.0, NetCL: 4541578, EngineNetVer: 5, GameNetVer: 0 (Checksum: 3671458904)
[2019.02.05-04.59.47:805][  0]LogPackageLocalizationCache: Processed 11 localized package path(s) for 2 prioritized culture(s) in 0.064113 seconds
[2019.02.05-04.59.47:811][  0]LogUObjectArray: 39775 objects as part of root set at end of initial load.
[2019.02.05-04.59.47:811][  0]LogUObjectAllocator: 6914664 out of 0 bytes used by permanent object pool.
[2019.02.05-04.59.47:811][  0]LogUObjectArray: CloseDisregardForGC: 0/0 objects in disregard for GC pool
[2019.02.05-04.59.48:532][  0]LogTcpMessaging: Initializing TcpMessaging bridge
[2019.02.05-04.59.48:544][  0]LogUdpMessaging: Initializing bridge on interface 0.0.0.0:0 to multicast group 230.0.0.1:6666.
[2019.02.05-04.59.49:155][  0]SourceControl: ソースコントロールは無効です
[2019.02.05-04.59.49:155][  0]SourceControl: ソースコントロールは無効です
[2019.02.05-04.59.49:156][  0]SourceControl: ソースコントロールは無効です
[2019.02.05-04.59.49:157][  0]SourceControl: ソースコントロールは無効です
[2019.02.05-04.59.49:302][  0]LogAndroidPermission: UAndroidPermissionCallbackProxy::GetInstance
[2019.02.05-04.59.49:365][  0]LogOcInput: OculusInput pre-init called
[2019.02.05-04.59.49:487][  0]LogEngine: Initializing Engine...
[2019.02.05-04.59.49:488][  0]LogHMD: Failed to initialize OpenVR with code 110
[2019.02.05-04.59.49:489][  0]LogStats: UGameplayTagsManager::ConstructGameplayTagTree: ImportINI prefixes -  0.000 s
[2019.02.05-04.59.49:489][  0]LogStats: UGameplayTagsManager::ConstructGameplayTagTree: Construct from data asset -  0.000 s
[2019.02.05-04.59.49:489][  0]LogStats: UGameplayTagsManager::ConstructGameplayTagTree: ImportINI -  0.000 s
[2019.02.05-04.59.49:489][  0]LogStats: UGameplayTagsManager::ConstructGameplayTagTree: GameplayTagTreeChangedEvent.Broadcast -  0.000 s
[2019.02.05-04.59.49:664][  0]LogInit: Initializing FReadOnlyCVARCache
[2019.02.05-04.59.49:674][  0]LogAIModule: Creating AISystem for world Untitled
[2019.02.05-04.59.49:724][  0]LogInit: XAudio2 using 'スピーカー (2- USB Sound Device        )' : 2 channels at 48 kHz using 16 bits per sample (channel mask 0x3)
[2019.02.05-04.59.49:744][  0]LogInit: FAudioDevice initialized.
[2019.02.05-04.59.49:744][  0]LogNetVersion: Set ProjectVersion to 1.0.0.0. Version Checksum will be recalculated on next use.
[2019.02.05-04.59.50:272][  0]LogDerivedDataCache: Saved boot cache 0.53s 71MB C:/Users/souchi/AppData/Local/UnrealEngine/4.21/DerivedDataCache/Boot.ddc.
[2019.02.05-04.59.50:274][  0]LogInit: Texture streaming: Enabled
[2019.02.05-04.59.50:310][  0]LogEngineSessionManager: EngineSessionManager initialized
[2019.02.05-04.59.50:321][  0]LogInit: Transaction tracking system initialized
[2019.02.05-04.59.50:339][  0]BlueprintLog: New page: エディタの読み込み
[2019.02.05-04.59.50:402][  0]LocalizationService: ローカライズのサービスが無効になりました
[2019.02.05-04.59.50:762][  0]LogCook: Display: Max memory allowance for cook 16384mb min free memory 0mb
[2019.02.05-04.59.50:762][  0]LogCook: Display: Mobile HDR setting 1
[2019.02.05-04.59.50:762][  0]LogGameplayTags: Display: UGameplayTagsManager::DoneAddingNativeTags. DelegateIsBound: 0
[2019.02.05-04.59.50:762][  0]LogStats: UGameplayTagsManager::ConstructGameplayTagTree: ImportINI prefixes -  0.000 s
[2019.02.05-04.59.50:762][  0]LogStats: UGameplayTagsManager::ConstructGameplayTagTree: Construct from data asset -  0.000 s
[2019.02.05-04.59.50:762][  0]LogStats: UGameplayTagsManager::ConstructGameplayTagTree: ImportINI -  0.000 s
[2019.02.05-04.59.50:762][  0]LogStats: UGameplayTagsManager::ConstructGameplayTagTree: GameplayTagTreeChangedEvent.Broadcast -  0.000 s
[2019.02.05-04.59.50:885][  0]LogFileCache: Scanning file cache for directory 'C:/Users/souchi/Documents/Unreal Projects/課題研究VR/Content/' took 0.04s
[2019.02.05-04.59.50:885][  0]SourceControl: ソースコントロールは無効です
[2019.02.05-04.59.50:885][  0]Cmd: MAP LOAD FILE="../../../../../../Users/souchi/Documents/Unreal Projects/課題研究VR/Content/FirstPersonBP/Maps/FirstPersonExampleMap.umap" TEMPLATE=0 SHOWPROGRESS=1 FEATURELEVEL=3
[2019.02.05-04.59.50:886][  0]LightingResults: New page: ライティングのビルド
[2019.02.05-04.59.50:888][  0]MapCheck: New page: マップをチェック
[2019.02.05-04.59.50:888][  0]LightingResults: New page: <何も選択されていません>
[2019.02.05-04.59.53:273][  0]LogAIModule: Creating AISystem for world FirstPersonExampleMap
[2019.02.05-04.59.53:297][  0]LogEditorServer: Finished looking for orphan Actors (0.000 secs)
[2019.02.05-04.59.53:316][  0]Cmd: MAP CHECKDEP NOCLEARLOG
[2019.02.05-04.59.53:317][  0]MapCheck: マップチェックが完了: 0 エラー、 0 警告、完了に 0.139ミリ秒かかりました。
[2019.02.05-04.59.53:317][  0]LogFileHelpers: Loading map 'FirstPersonExampleMap' took 2.431
[2019.02.05-04.59.53:411][  0]LogSlate: Updating window title bar state: overlay mode, drag disabled, window buttons hidden, title bar hidden
[2019.02.05-04.59.53:416][  0]LogSlate: Updating window title bar state: overlay mode, drag disabled, window buttons hidden, title bar hidden
[2019.02.05-04.59.53:421][  0]LogSlate: Updating window title bar state: overlay mode, drag disabled, window buttons hidden, title bar hidden
[2019.02.05-04.59.53:425][  0]LogSlate: Updating window title bar state: overlay mode, drag disabled, window buttons hidden, title bar hidden
[2019.02.05-04.59.53:431][  0]LogCollectionManager: Loaded 0 collections in 0.001299 seconds
[2019.02.05-04.59.53:481][  0]LogFileCache: Scanning file cache for directory 'C:/Users/souchi/Documents/Unreal Projects/課題研究VR/Saved/Collections/' took 0.01s
[2019.02.05-04.59.53:481][  0]LogFileCache: Scanning file cache for directory 'C:/Users/souchi/Documents/Unreal Projects/課題研究VR/Content/Developers/souchi/Collections/' took 0.01s
[2019.02.05-04.59.53:481][  0]LogFileCache: Scanning file cache for directory 'C:/Users/souchi/Documents/Unreal Projects/課題研究VR/Content/Collections/' took 0.01s
[2019.02.05-04.59.53:481][  0]LogCollectionManager: Rebuilt the GUID cache for 0 collections in 0.000001 seconds
[2019.02.05-04.59.53:492][  0]LogContentBrowser: Native class hierarchy populated in 0.0106 seconds. Added 2651 classes and 620 folders.
[2019.02.05-04.59.53:497][  0]LogContentBrowser: Native class hierarchy updated for 'WidgetCarousel' in 0.0002 seconds. Added 0 classes and 0 folders.
[2019.02.05-04.59.53:502][  0]LogPakFile: Registered encryption key '00000000000000000000000000000000': 0 pak files mounted, 0 remain pending
[2019.02.05-04.59.53:502][  0]LogPakFile: Registered encryption key '00000000000000000000000000000000': 0 pak files mounted, 0 remain pending
[2019.02.05-04.59.53:503][  0]LogPakFile: Registered encryption key '00000000000000000000000000000000': 0 pak files mounted, 0 remain pending
[2019.02.05-04.59.53:503][  0]LogPakFile: Registered encryption key '00000000000000000000000000000000': 0 pak files mounted, 0 remain pending
[2019.02.05-04.59.53:503][  0]LogPakFile: Registered encryption key '00000000000000000000000000000000': 0 pak files mounted, 0 remain pending
[2019.02.05-04.59.53:504][  0]LogPakFile: Registered encryption key '00000000000000000000000000000000': 0 pak files mounted, 0 remain pending
[2019.02.05-04.59.53:504][  0]LogPakFile: Registered encryption key '00000000000000000000000000000000': 0 pak files mounted, 0 remain pending
[2019.02.05-04.59.53:504][  0]LogPakFile: Registered encryption key '00000000000000000000000000000000': 0 pak files mounted, 0 remain pending
[2019.02.05-04.59.53:505][  0]LogPakFile: Registered encryption key '00000000000000000000000000000000': 0 pak files mounted, 0 remain pending
[2019.02.05-04.59.53:505][  0]LogPakFile: Registered encryption key '00000000000000000000000000000000': 0 pak files mounted, 0 remain pending
[2019.02.05-04.59.53:506][  0]LogPakFile: Registered encryption key '00000000000000000000000000000000': 0 pak files mounted, 0 remain pending
[2019.02.05-04.59.53:506][  0]LogPakFile: Registered encryption key '00000000000000000000000000000000': 0 pak files mounted, 0 remain pending
[2019.02.05-04.59.53:506][  0]LogPakFile: Registered encryption key '00000000000000000000000000000000': 0 pak files mounted, 0 remain pending
[2019.02.05-04.59.53:507][  0]LogPakFile: Registered encryption key '00000000000000000000000000000000': 0 pak files mounted, 0 remain pending
[2019.02.05-04.59.53:507][  0]LogPakFile: Registered encryption key '00000000000000000000000000000000': 0 pak files mounted, 0 remain pending
[2019.02.05-04.59.53:508][  0]LogPakFile: Registered encryption key '00000000000000000000000000000000': 0 pak files mounted, 0 remain pending
[2019.02.05-04.59.53:508][  0]LogPakFile: Registered encryption key '00000000000000000000000000000000': 0 pak files mounted, 0 remain pending
[2019.02.05-04.59.53:508][  0]LogPakFile: Registered encryption key '00000000000000000000000000000000': 0 pak files mounted, 0 remain pending
[2019.02.05-04.59.53:509][  0]LogPakFile: Registered encryption key '00000000000000000000000000000000': 0 pak files mounted, 0 remain pending
[2019.02.05-04.59.53:509][  0]LogPakFile: Registered encryption key '00000000000000000000000000000000': 0 pak files mounted, 0 remain pending
[2019.02.05-04.59.53:510][  0]LogPakFile: Registered encryption key '00000000000000000000000000000000': 0 pak files mounted, 0 remain pending
[2019.02.05-04.59.53:510][  0]LogPakFile: Registered encryption key '00000000000000000000000000000000': 0 pak files mounted, 0 remain pending
[2019.02.05-04.59.53:510][  0]LogPakFile: Registered encryption key '00000000000000000000000000000000': 0 pak files mounted, 0 remain pending
[2019.02.05-04.59.53:511][  0]LogPakFile: Registered encryption key '00000000000000000000000000000000': 0 pak files mounted, 0 remain pending
[2019.02.05-04.59.53:511][  0]LogPakFile: Registered encryption key '00000000000000000000000000000000': 0 pak files mounted, 0 remain pending
[2019.02.05-04.59.53:512][  0]LogPakFile: Registered encryption key '00000000000000000000000000000000': 0 pak files mounted, 0 remain pending
[2019.02.05-04.59.53:542][  0]LogContentBrowser: Native class hierarchy updated for 'AddContentDialog' in 0.0002 seconds. Added 0 classes and 0 folders.
[2019.02.05-04.59.53:546][  0]LogContentBrowser: Native class hierarchy updated for 'SceneOutliner' in 0.0002 seconds. Added 1 classes and 2 folders.
[2019.02.05-04.59.53:617][  0]LogSlate: Took 0.000139 seconds to synchronously load lazily loaded font '../../../Engine/Content/Slate/Fonts/Roboto-Regular.ttf' (155K)
[2019.02.05-04.59.53:618][  0]LogSlate: Took 0.000247 seconds to synchronously load lazily loaded font '../../../Engine/Content/Editor/Slate/Fonts/GenEiGothicPro-Regular.otf' (707K)
[2019.02.05-04.59.53:618][  0]LogSlate: Took 0.000240 seconds to synchronously load lazily loaded font '../../../Engine/Content/Editor/Slate/Fonts/GenEiGothicPro-Bold.otf' (698K)
[2019.02.05-04.59.53:619][  0]LogSlate: Took 0.000088 seconds to synchronously load lazily loaded font '../../../Engine/Content/Slate/Fonts/Roboto-Bold.ttf' (160K)
[2019.02.05-04.59.53:620][  0]LogSlate: Took 0.000099 seconds to synchronously load lazily loaded font '../../../Engine/Content/Editor/Slate/Fonts/FontAwesome.ttf' (139K)
[2019.02.05-04.59.53:677][  0]LogRenderer: Reallocating scene render targets to support 1056x556 Format 10 NumSamples 1 (Frame:1).
[2019.02.05-04.59.53:785][  0]LogContentBrowser: Native class hierarchy updated for 'HierarchicalLODOutliner' in 0.0004 seconds. Added 0 classes and 0 folders.
[2019.02.05-04.59.53:785][  0]LogLoad: (Engine Initialization) Total time: 10.44 seconds
[2019.02.05-04.59.53:785][  0]LogLoad: (Engine Initialization) Total Blueprint compile time: 0.00 seconds
[2019.02.05-04.59.53:854][  0]LogContentStreaming: Texture pool size now 1000 MB
[2019.02.05-04.59.53:863][  0]LogSlate: Took 0.000127 seconds to synchronously load lazily loaded font '../../../Engine/Content/Slate/Fonts/Roboto-Light.ttf' (167K)
[2019.02.05-04.59.53:902][  1]LogAssetRegistry: Asset discovery search completed in 6.9240 seconds
[2019.02.05-04.59.53:904][  1]LogCollectionManager: Rebuilt the object cache for 0 collections in 0.000001 seconds (found 0 objects)
[2019.02.05-04.59.53:904][  1]LogCollectionManager: Fixed up redirectors for 0 collections in 0.000038 seconds (updated 0 objects)
[2019.02.05-05.00.05:754][391]LogSlate: FSceneViewport::OnFocusLost() reason 0
[2019.02.05-05.00.05:845][402]LogTemp: Repeating last play command: 選択ビューポート
[2019.02.05-05.00.05:852][402]LogBlueprintUserMessages: Early PlayInEditor Detection: Level '/Game/FirstPersonBP/Maps/FirstPersonExampleMap.FirstPersonExampleMap:PersistentLevel' has LevelScriptBlueprint '/Game/FirstPersonBP/Maps/FirstPersonExampleMap.FirstPersonExampleMap:PersistentLevel.FirstPersonExampleMap' with GeneratedClass '/Game/FirstPersonBP/Maps/FirstPersonExampleMap.FirstPersonExampleMap_C' with ClassGeneratedBy '/Game/FirstPersonBP/Maps/FirstPersonExampleMap.FirstPersonExampleMap:PersistentLevel.FirstPersonExampleMap'
[2019.02.05-05.00.05:852][402]LogPlayLevel: PlayLevel: No blueprints needed recompiling
[2019.02.05-05.00.05:852][402]PIE: New page: PIEセッション: FirstPersonExampleMap (2019/02/05 23:00:05)
[2019.02.05-05.00.05:864][402]LogPlayLevel: Creating play world package: /Game/FirstPersonBP/Maps/UEDPIE_0_FirstPersonExampleMap
[2019.02.05-05.00.05:896][402]LogPlayLevel: PIE: StaticDuplicateObject took: (0.031476s)
[2019.02.05-05.00.05:896][402]LogAIModule: Creating AISystem for world FirstPersonExampleMap
[2019.02.05-05.00.05:897][402]LogPlayLevel: PIE: World Init took: (0.000529s)
[2019.02.05-05.00.05:897][402]LogPlayLevel: PIE: Created PIE world by copying editor world from /Game/FirstPersonBP/Maps/FirstPersonExampleMap.FirstPersonExampleMap to /Game/FirstPersonBP/Maps/UEDPIE_0_FirstPersonExampleMap.FirstPersonExampleMap (0.032305s)
[2019.02.05-05.00.05:930][402]LogInit: XAudio2 using 'スピーカー (2- USB Sound Device        )' : 2 channels at 48 kHz using 16 bits per sample (channel mask 0x3)
[2019.02.05-05.00.05:938][402]LogInit: FAudioDevice initialized.
[2019.02.05-05.00.05:990][402]LogLoad: Game class is 'FirstPersonGameMode_C'
[2019.02.05-05.00.06:004][402]LogWorld: Bringing World /Game/FirstPersonBP/Maps/UEDPIE_0_FirstPersonExampleMap.FirstPersonExampleMap up for play (max tick rate 0) at 2019.02.05-14.00.06
[2019.02.05-05.00.06:006][402]LogWorld: Bringing up level for play took: 0.010504
[2019.02.05-05.00.06:035][402]LogContentBrowser: Native class hierarchy updated for 'MovieSceneCapture' in 0.0008 seconds. Added 20 classes and 0 folders.
[2019.02.05-05.00.06:036][402]PIE: /Game/FirstPersonBP/Maps/UEDPIE_0_FirstPersonExampleMap -0.406のプレイ イン エディタの開始時間
[2019.02.05-05.00.06:036][402]LogBlueprintUserMessages: Late PlayInEditor Detection: Level '/Game/FirstPersonBP/Maps/FirstPersonExampleMap.FirstPersonExampleMap:PersistentLevel' has LevelScriptBlueprint '/Game/FirstPersonBP/Maps/FirstPersonExampleMap.FirstPersonExampleMap:PersistentLevel.FirstPersonExampleMap' with GeneratedClass '/Game/FirstPersonBP/Maps/FirstPersonExampleMap.FirstPersonExampleMap_C' with ClassGeneratedBy '/Game/FirstPersonBP/Maps/FirstPersonExampleMap.FirstPersonExampleMap:PersistentLevel.FirstPersonExampleMap'
[2019.02.05-05.01.11:605][263]LogBlueprintUserMessages: Early EndPlayMap Detection: Level '/Game/FirstPersonBP/Maps/FirstPersonExampleMap.FirstPersonExampleMap:PersistentLevel' has LevelScriptBlueprint '/Game/FirstPersonBP/Maps/FirstPersonExampleMap.FirstPersonExampleMap:PersistentLevel.FirstPersonExampleMap' with GeneratedClass '/Game/FirstPersonBP/Maps/FirstPersonExampleMap.FirstPersonExampleMap_C' with ClassGeneratedBy '/Game/FirstPersonBP/Maps/FirstPersonExampleMap.FirstPersonExampleMap:PersistentLevel.FirstPersonExampleMap'
[2019.02.05-05.01.11:605][263]LogSlate: Updating window title bar state: overlay mode, drag disabled, window buttons hidden, title bar hidden
[2019.02.05-05.01.11:642][263]LogPlayLevel: Display: Shutting down PIE online subsystems
[2019.02.05-05.01.11:643][263]LogBlueprintUserMessages: Late EndPlayMap Detection: Level '/Game/FirstPersonBP/Maps/FirstPersonExampleMap.FirstPersonExampleMap:PersistentLevel' has LevelScriptBlueprint '/Game/FirstPersonBP/Maps/FirstPersonExampleMap.FirstPersonExampleMap:PersistentLevel.FirstPersonExampleMap' with GeneratedClass '/Game/FirstPersonBP/Maps/FirstPersonExampleMap.FirstPersonExampleMap_C' with ClassGeneratedBy '/Game/FirstPersonBP/Maps/FirstPersonExampleMap.FirstPersonExampleMap:PersistentLevel.FirstPersonExampleMap'
[2019.02.05-05.01.11:685][263]LogSlate: Updating window title bar state: overlay mode, drag disabled, window buttons hidden, title bar hidden
[2019.02.05-05.01.11:720][265]LogPlayLevel: Display: Destroying online subsystem :Context_1
[2019.02.05-05.01.13:223][445]LogSlate: FSceneViewport::OnFocusLost() reason 2
[2019.02.05-05.01.13:998][538]LogSlate: FSceneViewport::OnFocusLost() reason 2
[2019.02.05-05.01.16:387][736]LogSourceControl: Warning: '../../../../../../Users/souchi/Documents/Unreal Projects/課題研究VR/' is not part of a Git repository
[2019.02.05-05.03.32:833][756]LogSlate: Window 'Plugins' being destroyed
[2019.02.05-05.03.32:835][756]LogSlate: Window 'Plugins' being destroyed
[2019.02.05-05.03.32:835][756]LogDirectoryWatcher: A directory notification for '../../../Engine/Plugins/' was aborted.
[2019.02.05-05.03.34:164][914]LogSlate: FSceneViewport::OnFocusLost() reason 0
[2019.02.05-05.03.34:500][954]LogSlate: Window 'ソースコントロールへログインする' being destroyed
[2019.02.05-05.03.36:512][194]LogSlate: FSceneViewport::OnFocusLost() reason 2
[2019.02.05-05.03.37:734][340]SourceControl: fatal: C:/Program Files/Epic Games/UE_4.21/Engine/Content: 'C:/Program Files/Epic Games/UE_4.21/Engine/Content' is outside repository
[2019.02.05-05.03.37:877][340]LogPackageName: Error: Illegal call to DoesPackageExist: '../../../../../../Users/souchi/Documents/Unreal Projects/課題研究VR/MyProject1.uproject' is not a standard unreal filename or a long path name. Reason: パスは 4 文字以下でなくてはいけません
[2019.02.05-05.03.37:877][340]LogOutputDevice: Warning: 

Script Stack (0 frames):

[2019.02.05-05.03.44:267][340]LogStats: FPlatformStackWalk::StackWalkAndDump -  6.390 s
[2019.02.05-05.03.44:267][340]LogOutputDevice: Error: === Handled ensure: ===
[2019.02.05-05.03.44:267][340]LogOutputDevice: Error: 
[2019.02.05-05.03.44:267][340]LogOutputDevice: Error: Ensure condition failed: false [File:D:\Build\++UE4\Sync\Engine\Source\Runtime\CoreUObject\Private\Misc\PackageName.cpp] [Line: 846]
[2019.02.05-05.03.44:267][340]LogOutputDevice: Error: Illegal call to DoesPackageExist: '../../../../../../Users/souchi/Documents/Unreal Projects/課題研究VR/MyProject1.uproject' is not a standard unreal filename or a long path name. Reason: パスは 4 文字以下でなくてはいけません
[2019.02.05-05.03.44:267][340]LogOutputDevice: Error: Stack: 
[2019.02.05-05.03.44:267][340]LogOutputDevice: Error: [Callstack] 0x00007ffe49bed617 UE4Editor-CoreUObject.dll!UnknownFunction []
[2019.02.05-05.03.44:267][340]LogOutputDevice: Error: [Callstack] 0x00007ffe3d628775 UE4Editor-SourceControl.dll!UnknownFunction []
[2019.02.05-05.03.44:267][340]LogOutputDevice: Error: [Callstack] 0x00007ffe3d628909 UE4Editor-SourceControl.dll!UnknownFunction []
[2019.02.05-05.03.44:267][340]LogOutputDevice: Error: [Callstack] 0x00007ffe3a74633d UE4Editor-SourceControlWindows.dll!UnknownFunction []
[2019.02.05-05.03.44:267][340]LogOutputDevice: Error: [Callstack] 0x00007ffe3a6f86fe UE4Editor-SourceControlWindows.dll!UnknownFunction []
[2019.02.05-05.03.44:267][340]LogOutputDevice: Error: [Callstack] 0x00007ffe3a6f7c8f UE4Editor-SourceControlWindows.dll!UnknownFunction []
[2019.02.05-05.03.44:267][340]LogOutputDevice: Error: [Callstack] 0x00007ffe3a712601 UE4Editor-SourceControlWindows.dll!UnknownFunction []
[2019.02.05-05.03.44:267][340]LogOutputDevice: Error: [Callstack] 0x00007ffe3228f4ec UE4Editor-GitSourceControl.dll!UnknownFunction []
[2019.02.05-05.03.44:267][340]LogOutputDevice: Error: [Callstack] 0x00007ffe32294e61 UE4Editor-GitSourceControl.dll!UnknownFunction []
[2019.02.05-05.03.44:267][340]LogOutputDevice: Error: [Callstack] 0x00007ffe3d62eb57 UE4Editor-SourceControl.dll!UnknownFunction []
[2019.02.05-05.03.44:267][340]LogOutputDevice: Error: [Callstack] 0x00007ffe4162283e UE4Editor-UnrealEd.dll!UnknownFunction []
[2019.02.05-05.03.44:267][340]LogOutputDevice: Error: [Callstack] 0x00007ffe41f42346 UE4Editor-UnrealEd.dll!UnknownFunction []
[2019.02.05-05.03.44:267][340]LogOutputDevice: Error: [Callstack] 0x00007ff7ed5c6225 UE4Editor.exe!UnknownFunction []
[2019.02.05-05.03.44:267][340]LogOutputDevice: Error: [Callstack] 0x00007ff7ed5d596c UE4Editor.exe!UnknownFunction []
[2019.02.05-05.03.44:267][340]LogOutputDevice: Error: [Callstack] 0x00007ff7ed5d59ea UE4Editor.exe!UnknownFunction []
[2019.02.05-05.03.44:267][340]LogOutputDevice: Error: [Callstack] 0x00007ff7ed5e48da UE4Editor.exe!UnknownFunction []
[2019.02.05-05.03.44:267][340]LogOutputDevice: Error: [Callstack] 0x00007ff7ed5e659a UE4Editor.exe!UnknownFunction []
[2019.02.05-05.03.44:267][340]LogOutputDevice: Error: [Callstack] 0x00007ffe9f6581f4 KERNEL32.DLL!UnknownFunction []
[2019.02.05-05.03.44:267][340]LogOutputDevice: Error: [Callstack] 0x00007ffe9fbfa251 ntdll.dll!UnknownFunction []
[2019.02.05-05.03.44:267][340]LogOutputDevice: Error: 
[2019.02.05-05.03.44:272][340]LogStats:                SubmitErrorReport -  0.000 s
[2019.02.05-05.03.48:122][340]LogStats:                    SendNewReport -  3.850 s
[2019.02.05-05.03.48:122][340]LogStats:             FDebug::EnsureFailed - 10.245 s
[2019.02.05-05.03.48:128][340]LogSlate: FSceneViewport::OnFocusLost() reason 2
[2019.02.05-05.03.56:760][340]LogSlate: Window 'ファイルをサブミット' being destroyed
[2019.02.05-05.03.57:947][482]LogSlate: FSceneViewport::OnFocusLost() reason 0
[2019.02.05-05.04.12:749][113]LogSlate: FSceneViewport::OnFocusLost() reason 0
[2019.02.05-05.05.34:929][613]LogEditorViewport: Clicking on Actor (LMB): StaticMeshActor (Floor5)
[2019.02.05-05.05.36:947][822]LogSlate: FSceneViewport::OnFocusLost() reason 0
[2019.02.05-05.05.37:984][926]LogSlate: Took 0.016880 seconds to synchronously load lazily loaded font '../../../Engine/Content/Slate/Fonts/Roboto-Light.ttf' (167K)
[2019.02.05-05.05.38:007][926]LogSlate: Took 0.022141 seconds to synchronously load lazily loaded font '../../../Engine/Content/Editor/Slate/Fonts/GenEiGothicPro-Light.otf' (713K)
[2019.02.05-05.05.38:014][926]LogAssetEditorManager: Opening Asset editor for Texture2D /Game/StarterContent/Textures/T_Detail_Rocky_N.T_Detail_Rocky_N
[2019.02.05-05.05.38:134][926]LogContentBrowser: Native class hierarchy updated for 'TextureEditor' in 0.0003 seconds. Added 1 classes and 2 folders.
[2019.02.05-05.05.41:275][253]LogSlate: FSceneViewport::OnFocusLost() reason 0
[2019.02.05-05.05.50:170][360]LogSlate: FSceneViewport::OnFocusLost() reason 0
[2019.02.05-05.05.50:269][372]LogSlate: Window 'T_Detail_Rocky_N' being destroyed
[2019.02.05-05.05.50:272][372]LogSlate: Window 'T_Detail_Rocky_N' being destroyed
[2019.02.05-05.05.51:743][544]LogSlate: FSceneViewport::OnFocusLost() reason 0
[2019.02.05-05.05.51:930][557]LogSlate: FSceneViewport::OnFocusLost() reason 2
[2019.02.05-05.05.52:374][557]LogSavePackage: Moving '../../../../../../Users/souchi/Documents/Unreal Projects/課題研究VR/Saved/FirstPersonExampleMap6313686B474BDF20233528A73A472C03.tmp' to '../../../../../../Users/souchi/Documents/Unreal Projects/課題研究VR/Content/FirstPersonBP/Maps/FirstPersonExampleMap.umap'
[2019.02.05-05.05.54:701][557]LogSavePackage: Moving '../../../../../../Users/souchi/Documents/Unreal Projects/課題研究VR/Saved/FirstPersonExampleMap_BuiltData9DF1D45D4EC99A4CF4784E91948C7E6B.tmp' to '../../../../../../Users/souchi/Documents/Unreal Projects/課題研究VR/Content/FirstPersonBP/Maps/FirstPersonExampleMap_BuiltData.uasset'
[2019.02.05-05.05.57:322][864]SourceControl: fatal: C:/Program Files/Epic Games/UE_4.21/Engine/Content: 'C:/Program Files/Epic Games/UE_4.21/Engine/Content' is outside repository
[2019.02.05-05.05.57:473][864]LogPackageName: Error: Illegal call to DoesPackageExist: '../../../../../../Users/souchi/Documents/Unreal Projects/課題研究VR/MyProject1.uproject' is not a standard unreal filename or a long path name. Reason: パスは 4 文字以下でなくてはいけません
[2019.02.05-05.05.59:027][864]LogSlate: Window 'ファイルをサブミット' being destroyed
[2019.02.05-05.09.16:107][748]LogSavePackage: Moving '../../../../../../Users/souchi/Documents/Unreal Projects/課題研究VR/Saved/FirstPersonExampleMapB3C6E3834D21E9F43E97B0B69CA2D9D1.tmp' to '../../../../../../Users/souchi/Documents/Unreal Projects/課題研究VR/Content/FirstPersonBP/Maps/FirstPersonExampleMap.umap'
[2019.02.05-05.09.17:697][748]LogSavePackage: Moving '../../../../../../Users/souchi/Documents/Unreal Projects/課題研究VR/Saved/FirstPersonExampleMap_BuiltData7B19D5854E783EC4718213BC75C8170A.tmp' to '../../../../../../Users/souchi/Documents/Unreal Projects/課題研究VR/Content/FirstPersonBP/Maps/FirstPersonExampleMap_BuiltData.uasset'
[2019.02.05-05.09.20:576][890]LogSlate: Window 'MyProject1 - Unreal Editor' being destroyed
[2019.02.05-05.09.20:595][890]LogWindowsTextInputMethodSystem: Display: IME system now activated using TSF (Microsoft IME).
[2019.02.05-05.09.22:090][891]Cmd: QUIT_EDITOR
[2019.02.05-05.09.22:750][891]LogExit: Preparing to exit.
[2019.02.05-05.09.24:647][891]LogExit: Editor shut down
[2019.02.05-05.09.24:647][891]LogExit: Transaction tracking system shut down
[2019.02.05-05.09.27:281][891]LogExit: Object subsystem successfully closed.
[2019.02.05-05.09.38:174][891]LogShaderCompilers: Display: Shaders left to compile 0
[2019.02.05-05.09.38:178][891]LogD3D11RHI: Shutdown
[2019.02.05-05.09.38:178][891]LogD3D11RHI: CleanupD3DDevice
[2019.02.05-05.09.38:231][891]LogD3D11RHI: ~FD3D11DynamicRHI
[2019.02.05-05.09.39:400][891]LogModuleManager: Shutting down and abandoning module TextureEditor (628)
[2019.02.05-05.09.39:408][891]LogModuleManager: Shutting down and abandoning module MovieSceneCapture (626)
[2019.02.05-05.09.39:417][891]LogModuleManager: Shutting down and abandoning module Voice (624)
[2019.02.05-05.09.39:421][891]LogModuleManager: Shutting down and abandoning module HierarchicalLODOutliner (622)
[2019.02.05-05.09.39:421][891]LogModuleManager: Shutting down and abandoning module SceneOutliner (620)
[2019.02.05-05.09.39:424][891]LogModuleManager: Shutting down and abandoning module AddContentDialog (618)
[2019.02.05-05.09.39:429][891]LogModuleManager: Shutting down and abandoning module WidgetCarousel (617)
[2019.02.05-05.09.39:429][891]LogModuleManager: Shutting down and abandoning module EditorWidgets (614)
[2019.02.05-05.09.39:429][891]LogModuleManager: Shutting down and abandoning module CollectionManager (612)
[2019.02.05-05.09.39:433][891]LogModuleManager: Shutting down and abandoning module StatsViewer (610)
[2019.02.05-05.09.39:452][891]LogModuleManager: Shutting down and abandoning module FoliageEdit (608)
[2019.02.05-05.09.39:460][891]LogModuleManager: Shutting down and abandoning module LandscapeEditor (606)
[2019.02.05-05.09.39:472][891]LogModuleManager: Shutting down and abandoning module MeshPaintMode (604)
[2019.02.05-05.09.39:482][891]LogModuleManager: Shutting down and abandoning module SceneDepthPickerMode (602)
[2019.02.05-05.09.39:482][891]LogModuleManager: Shutting down and abandoning module ActorPickerMode (600)
[2019.02.05-05.09.39:482][891]LogModuleManager: Shutting down and abandoning module GeometryMode (598)
[2019.02.05-05.09.39:482][891]LogModuleManager: Shutting down and abandoning module TextureAlignMode (596)
[2019.02.05-05.09.39:482][891]LogModuleManager: Shutting down and abandoning module BspMode (594)
[2019.02.05-05.09.39:489][891]LogModuleManager: Shutting down and abandoning module PIEPreviewDeviceProfileSelector (592)
[2019.02.05-05.09.39:494][891]LogModuleManager: Shutting down and abandoning module SequenceRecorderSections (590)
[2019.02.05-05.09.39:503][891]LogModuleManager: Shutting down and abandoning module AutomationWorker (588)
[2019.02.05-05.09.39:503][891]LogModuleManager: Shutting down and abandoning module AudioCaptureEditor (586)
[2019.02.05-05.09.39:503][891]LogModuleManager: Shutting down and abandoning module MatineeToLevelSequence (584)
[2019.02.05-05.09.39:513][891]LogModuleManager: Shutting down and abandoning module LevelSequenceEditor (582)
[2019.02.05-05.09.39:550][891]LogModuleManager: Shutting down and abandoning module PlacementMode (581)
[2019.02.05-05.09.39:550][891]LogModuleManager: Shutting down and abandoning module MaterialEditor (580)
[2019.02.05-05.09.39:570][891]LogModuleManager: Shutting down and abandoning module WmfMediaFactory (576)
[2019.02.05-05.09.39:570][891]LogModuleManager: Shutting down and abandoning module WmfMediaEditor (574)
[2019.02.05-05.09.39:570][891]LogModuleManager: Shutting down and abandoning module WebMMediaFactory (572)
[2019.02.05-05.09.39:579][891]LogModuleManager: Shutting down and abandoning module WebMMediaEditor (570)
[2019.02.05-05.09.39:579][891]LogModuleManager: Shutting down and abandoning module WebMMedia (568)
[2019.02.05-05.09.39:584][891]LogModuleManager: Shutting down and abandoning module MediaPlayerEditor (566)
[2019.02.05-05.09.39:606][891]LogModuleManager: Shutting down and abandoning module MediaCompositingEditor (564)
[2019.02.05-05.09.39:642][891]LogModuleManager: Shutting down and abandoning module SequenceRecorder (563)
[2019.02.05-05.09.39:643][891]LogModuleManager: Shutting down and abandoning module OpenExrWrapper (560)
[2019.02.05-05.09.39:643][891]LogModuleManager: Shutting down and abandoning module ImgMediaFactory (558)
[2019.02.05-05.09.39:643][891]LogModuleManager: Shutting down and abandoning module ImgMediaEditor (556)
[2019.02.05-05.09.39:643][891]LogModuleManager: Shutting down and abandoning module AvfMediaFactory (554)
[2019.02.05-05.09.39:643][891]LogModuleManager: Shutting down and abandoning module AvfMediaEditor (552)
[2019.02.05-05.09.39:643][891]LogModuleManager: Shutting down and abandoning module AndroidMediaFactory (550)
[2019.02.05-05.09.39:643][891]LogModuleManager: Shutting down and abandoning module AndroidMediaEditor (548)
[2019.02.05-05.09.39:643][891]LogModuleManager: Shutting down and abandoning module MagicLeapCameraPreviewFactory (546)
[2019.02.05-05.09.39:643][891]LogModuleManager: Shutting down and abandoning module MagicLeapMediaFactory (544)
[2019.02.05-05.09.39:643][891]LogModuleManager: Shutting down and abandoning module MagicLeapMediaEditor (542)
[2019.02.05-05.09.39:643][891]LogModuleManager: Shutting down and abandoning module CharacterAI (540)
[2019.02.05-05.09.39:643][891]LogModuleManager: Shutting down and abandoning module SmartSnapping (538)
[2019.02.05-05.09.39:643][891]LogModuleManager: Shutting down and abandoning module SessionServices (536)
[2019.02.05-05.09.39:643][891]LogModuleManager: Shutting down and abandoning module ViewportSnapping (534)
[2019.02.05-05.09.39:643][891]LogModuleManager: Shutting down and abandoning module ViewportInteraction (532)
[2019.02.05-05.09.39:643][891]LogModuleManager: Shutting down and abandoning module ClothPainter (530)
[2019.02.05-05.09.39:654][891]LogModuleManager: Shutting down and abandoning module SkeletalMeshEditor (529)
[2019.02.05-05.09.39:663][891]LogModuleManager: Shutting down and abandoning module LogVisualizer (526)
[2019.02.05-05.09.39:672][891]LogModuleManager: Shutting down and abandoning module IntroTutorials (524)
[2019.02.05-05.09.39:682][891]LogModuleManager: Shutting down and abandoning module GameProjectGeneration (523)
[2019.02.05-05.09.39:693][891]LogModuleManager: Shutting down and abandoning module LuminPlatformEditor (520)
[2019.02.05-05.09.39:693][891]LogModuleManager: Shutting down and abandoning module IOSPlatformEditor (518)
[2019.02.05-05.09.39:693][891]LogModuleManager: Shutting down and abandoning module HTML5PlatformEditor (516)
[2019.02.05-05.09.39:693][891]LogModuleManager: Shutting down and abandoning module AndroidPlatformEditor (514)
[2019.02.05-05.09.39:693][891]LogModuleManager: Shutting down and abandoning module AndroidDeviceDetection (513)
[2019.02.05-05.09.41:663][891]LogModuleManager: Shutting down and abandoning module WindowsPlatformEditor (510)
[2019.02.05-05.09.41:663][891]LogModuleManager: Shutting down and abandoning module LuminRuntimeSettings (508)
[2019.02.05-05.09.41:663][891]LogModuleManager: Shutting down and abandoning module IOSRuntimeSettings (506)
[2019.02.05-05.09.41:663][891]LogModuleManager: Shutting down and abandoning module AndroidRuntimeSettings (504)
[2019.02.05-05.09.41:663][891]LogModuleManager: Shutting down and abandoning module TimeManagementEditor (502)
[2019.02.05-05.09.41:663][891]LogModuleManager: Shutting down and abandoning module InputBindingEditor (500)
[2019.02.05-05.09.41:858][891]LogModuleManager: Shutting down and abandoning module MergeActors (498)
[2019.02.05-05.09.41:895][891]LogModuleManager: Shutting down and abandoning module LocalizationDashboard (496)
[2019.02.05-05.09.41:928][891]LogModuleManager: Shutting down and abandoning module LocalizationService (495)
[2019.02.05-05.09.41:931][891]LogModuleManager: Shutting down and abandoning module HardwareTargeting (492)
[2019.02.05-05.09.41:931][891]LogModuleManager: Shutting down and abandoning module DeviceProfileEditor (490)
[2019.02.05-05.09.41:940][891]LogModuleManager: Shutting down and abandoning module UndoHistory (488)
[2019.02.05-05.09.41:944][891]LogModuleManager: Shutting down and abandoning module XmlParser (486)
[2019.02.05-05.09.41:945][891]LogModuleManager: Shutting down and abandoning module Blutility (484)
[2019.02.05-05.09.41:954][891]LogModuleManager: Shutting down and abandoning module ProjectSettingsViewer (482)
[2019.02.05-05.09.41:954][891]LogModuleManager: Shutting down and abandoning module ProjectTargetPlatformEditor (481)
[2019.02.05-05.09.41:955][891]LogModuleManager: Shutting down and abandoning module EditorSettingsViewer (478)
[2019.02.05-05.09.41:955][891]LogModuleManager: Shutting down and abandoning module SettingsEditor (476)
[2019.02.05-05.09.41:969][891]LogModuleManager: Shutting down and abandoning module ProjectLauncher (474)
[2019.02.05-05.09.41:972][891]LogModuleManager: Shutting down and abandoning module SessionFrontend (472)
[2019.02.05-05.09.41:976][891]LogModuleManager: Shutting down and abandoning module ProfilerClient (470)
[2019.02.05-05.09.41:984][891]LogModuleManager: Shutting down and abandoning module DeviceManager (468)
[2019.02.05-05.09.41:988][891]LogModuleManager: Shutting down and abandoning module TargetDeviceServices (467)
[2019.02.05-05.09.42:044][891]LogModuleManager: Shutting down and abandoning module AutomationController (464)
[2019.02.05-05.09.42:072][891]LogModuleManager: Shutting down and abandoning module AutomationWindow (462)
[2019.02.05-05.09.42:078][891]LogModuleManager: Shutting down and abandoning module Layers (460)
[2019.02.05-05.09.42:086][891]LogModuleManager: Shutting down and abandoning module ComponentVisualizers (458)
[2019.02.05-05.09.42:086][891]LogModuleManager: Shutting down and abandoning module DetailCustomizations (456)
[2019.02.05-05.09.42:089][891]LogModuleManager: Shutting down and abandoning module PackagesDialog (454)
[2019.02.05-05.09.42:089][891]LogModuleManager: Shutting down and abandoning module Persona (452)
[2019.02.05-05.09.42:106][891]LogModuleManager: Shutting down and abandoning module AdvancedPreviewScene (451)
[2019.02.05-05.09.42:106][891]LogModuleManager: Shutting down and abandoning module AnimGraph (449)
[2019.02.05-05.09.42:106][891]LogModuleManager: Shutting down and abandoning module Kismet (446)
[2019.02.05-05.09.42:144][891]LogModuleManager: Shutting down and abandoning module GraphEditor (444)
[2019.02.05-05.09.42:163][891]LogModuleManager: Shutting down and abandoning module ClassViewer (442)
[2019.02.05-05.09.42:163][891]LogModuleManager: Shutting down and abandoning module Toolbox (440)
[2019.02.05-05.09.42:163][891]LogModuleManager: Shutting down and abandoning module ModuleUI (438)
[2019.02.05-05.09.42:166][891]LogModuleManager: Shutting down and abandoning module MovieSceneTools (436)
[2019.02.05-05.09.42:166][891]LogModuleManager: Shutting down and abandoning module OutputLog (434)
[2019.02.05-05.09.42:166][891]LogModuleManager: Shutting down and abandoning module GammaUI (432)
[2019.02.05-05.09.42:172][891]LogModuleManager: Shutting down and abandoning module Documentation (430)
[2019.02.05-05.09.42:172][891]LogModuleManager: Shutting down and abandoning module MovieSceneTracks (428)
[2019.02.05-05.09.42:172][891]LogModuleManager: Shutting down and abandoning module MovieScene (426)
[2019.02.05-05.09.42:180][891]LogModuleManager: Shutting down and abandoning module StreamingPauseRendering (424)
[2019.02.05-05.09.42:184][891]LogModuleManager: Shutting down and abandoning module LauncherPlatform (422)
[2019.02.05-05.09.42:184][891]LogModuleManager: Shutting down and abandoning module AnalyticsET (420)
[2019.02.05-05.09.42:184][891]LogModuleManager: Shutting down and abandoning module PortalServices (418)
[2019.02.05-05.09.42:184][891]LogModuleManager: Shutting down and abandoning module PortalRpc (416)
[2019.02.05-05.09.42:184][891]LogModuleManager: Shutting down and abandoning module MessagingRpc (414)
[2019.02.05-05.09.42:184][891]LogModuleManager: Shutting down and abandoning module AIModule (412)
[2019.02.05-05.09.42:192][891]LogModuleManager: Shutting down and abandoning module GameplayDebugger (411)
[2019.02.05-05.09.42:192][891]LogModuleManager: Shutting down and abandoning module AITestSuite (409)
[2019.02.05-05.09.42:202][891]LogModuleManager: Shutting down and abandoning module NavigationSystem (407)
[2019.02.05-05.09.42:202][891]LogModuleManager: Shutting down and abandoning module DesktopPlatform (404)
[2019.02.05-05.09.42:210][891]LogModuleManager: Shutting down and abandoning module ImageWriteQueue (402)
[2019.02.05-05.09.42:212][891]LogModuleManager: Shutting down and abandoning module ProfilerService (400)
[2019.02.05-05.09.42:384][891]LogModuleManager: Shutting down and abandoning module TaskGraph (398)
[2019.02.05-05.09.42:406][891]LogModuleManager: Shutting down and abandoning module SteamVRController (396)
[2019.02.05-05.09.42:406][891]LogModuleManager: Shutting down and abandoning module ProceduralMeshComponentEditor (394)
[2019.02.05-05.09.42:406][891]LogModuleManager: Shutting down and abandoning module ProceduralMeshComponent (392)
[2019.02.05-05.09.42:414][891]LogModuleManager: Shutting down and abandoning module OculusInput (390)
[2019.02.05-05.09.42:414][891]LogModuleManager: Shutting down and abandoning module MobilePatchingUtils (388)
[2019.02.05-05.09.42:414][891]LogModuleManager: Shutting down and abandoning module EditableMesh (386)
[2019.02.05-05.09.42:421][891]LogModuleManager: Shutting down and abandoning module CustomMeshComponent (384)
[2019.02.05-05.09.42:421][891]LogModuleManager: Shutting down and abandoning module CableComponent (382)
[2019.02.05-05.09.42:427][891]LogModuleManager: Shutting down and abandoning module AudioCapture (380)
[2019.02.05-05.09.42:427][891]LogModuleManager: Shutting down and abandoning module ArchVisCharacter (378)
[2019.02.05-05.09.42:427][891]LogModuleManager: Shutting down and abandoning module AndroidPermission (376)
[2019.02.05-05.09.42:427][891]LogModuleManager: Shutting down and abandoning module NUTUnrealEngine4 (374)
[2019.02.05-05.09.42:435][891]LogModuleManager: Shutting down and abandoning module NetcodeUnitTest (372)
[2019.02.05-05.09.42:445][891]LogModuleManager: Shutting down and abandoning module MediaCompositing (370)
[2019.02.05-05.09.42:445][891]LogModuleManager: Shutting down and abandoning module LinearTimecode (368)
[2019.02.05-05.09.42:445][891]LogModuleManager: Shutting down and abandoning module ImgMedia (366)
[2019.02.05-05.09.42:456][891]LogModuleManager: Shutting down and abandoning module HTML5Networking (364)
[2019.02.05-05.09.42:456][891]LogModuleManager: Shutting down and abandoning module GeometryCacheTracks (362)
[2019.02.05-05.09.42:456][891]LogModuleManager: Shutting down and abandoning module GeometryCacheSequencer (360)
[2019.02.05-05.09.42:456][891]LogModuleManager: Shutting down and abandoning module BackChannel (358)
[2019.02.05-05.09.42:462][891]LogModuleManager: Shutting down and abandoning module AppleVision (356)
[2019.02.05-05.09.42:462][891]LogModuleManager: Shutting down and abandoning module AppleImageUtilsBlueprintSupport (354)
[2019.02.05-05.09.42:462][891]LogModuleManager: Shutting down and abandoning module AppleImageUtils (352)
[2019.02.05-05.09.42:462][891]LogModuleManager: Shutting down and abandoning module AlembicImporter (350)
[2019.02.05-05.09.42:462][891]LogModuleManager: Shutting down and abandoning module AlembicLibrary (349)
[2019.02.05-05.09.42:462][891]LogModuleManager: Shutting down and abandoning module GeometryCache (348)
[2019.02.05-05.09.42:462][891]LogModuleManager: Shutting down and abandoning module GeometryCacheEd (347)
[2019.02.05-05.09.42:462][891]LogModuleManager: Shutting down and abandoning module VariantManagerContent (342)
[2019.02.05-05.09.42:462][891]LogModuleManager: Shutting down and abandoning module DatasmithContentEditor (340)
[2019.02.05-05.09.42:468][891]LogModuleManager: Shutting down and abandoning module SpeedTreeImporter (338)
[2019.02.05-05.09.42:468][891]LogModuleManager: Shutting down and abandoning module PluginBrowser (336)
[2019.02.05-05.09.42:468][891]LogModuleManager: Shutting down and abandoning module MobileLauncherProfileWizard (334)
[2019.02.05-05.09.42:476][891]LogModuleManager: Shutting down and abandoning module PolygonModeling (332)
[2019.02.05-05.09.42:476][891]LogModuleManager: Shutting down and abandoning module MeshEditor (330)
[2019.02.05-05.09.42:482][891]LogModuleManager: Shutting down and abandoning module CryptoKeysOpenSSL (328)
[2019.02.05-05.09.42:488][891]LogModuleManager: Shutting down and abandoning module CryptoKeys (326)
[2019.02.05-05.09.42:488][891]LogModuleManager: Shutting down and abandoning module VisualStudioSourceCodeAccess (324)
[2019.02.05-05.09.42:493][891]LogModuleManager: Shutting down and abandoning module VisualStudioCodeSourceCodeAccess (322)
[2019.02.05-05.09.42:493][891]LogModuleManager: Shutting down and abandoning module UObjectPlugin (320)
[2019.02.05-05.09.42:493][891]LogModuleManager: Shutting down and abandoning module SubversionSourceControl (318)
[2019.02.05-05.09.42:499][891]LogModuleManager: Shutting down and abandoning module PerforceSourceControl (316)
[2019.02.05-05.09.42:515][891]LogModuleManager: Shutting down and abandoning module GitSourceControl (314)
[2019.02.05-05.09.42:515][891]LogModuleManager: Shutting down and abandoning module SourceControl (313)
[2019.02.05-05.09.42:515][891]LogModuleManager: Shutting down and abandoning module CLionSourceCodeAccess (310)
[2019.02.05-05.09.42:520][891]LogModuleManager: Shutting down and abandoning module ActorLayerUtilitiesEditor (308)
[2019.02.05-05.09.42:521][891]LogModuleManager: Shutting down and abandoning module ActorLayerUtilities (306)
[2019.02.05-05.09.42:521][891]LogModuleManager: Shutting down and abandoning module LightPropagationVolumeEditor (304)
[2019.02.05-05.09.42:521][891]LogModuleManager: Shutting down and abandoning module PaperTiledImporter (302)
[2019.02.05-05.09.42:521][891]LogModuleManager: Shutting down and abandoning module PaperSpriteSheetImporter (300)
[2019.02.05-05.09.42:525][891]LogModuleManager: Shutting down and abandoning module Paper2DEditor (298)
[2019.02.05-05.09.42:539][891]LogModuleManager: Shutting down and abandoning module MeshPaint (297)
[2019.02.05-05.09.42:552][891]LogModuleManager: Shutting down and abandoning module RuntimePhysXCooking (294)
[2019.02.05-05.09.42:552][891]LogModuleManager: Shutting down and abandoning module PhysXVehiclesEditor (292)
[2019.02.05-05.09.42:552][891]LogModuleManager: Shutting down and abandoning module PhysXVehicles (290)
[2019.02.05-05.09.42:552][891]LogModuleManager: Shutting down and abandoning module OculusEditor (288)
[2019.02.05-05.09.42:562][891]LogModuleManager: Shutting down and abandoning module LocationServicesBPLibrary (286)
[2019.02.05-05.09.42:562][891]LogModuleManager: Shutting down and abandoning module ActorSequence (284)
[2019.02.05-05.09.42:562][891]LogModuleManager: Shutting down and abandoning module UdpMessaging (282)
[2019.02.05-05.09.42:663][891]LogModuleManager: Shutting down and abandoning module TcpMessaging (280)
[2019.02.05-05.09.42:773][891]LogModuleManager: Shutting down and abandoning module MagicLeapAudio (278)
[2019.02.05-05.09.42:773][891]LogModuleManager: Shutting down and abandoning module GameplayTagsEditor (276)
[2019.02.05-05.09.42:794][891]LogModuleManager: Shutting down and abandoning module FacialAnimationEditor (274)
[2019.02.05-05.09.42:794][891]LogModuleManager: Shutting down and abandoning module FacialAnimation (272)
[2019.02.05-05.09.42:794][891]LogModuleManager: Shutting down and abandoning module DataValidation (270)
[2019.02.05-05.09.42:794][891]LogModuleManager: Shutting down and abandoning module AssetManagerEditor (268)
[2019.02.05-05.09.42:806][891]LogModuleManager: Shutting down and abandoning module LevelEditor (267)
[2019.02.05-05.09.42:813][891]LogModuleManager: Shutting down and abandoning module PixelInspectorModule (266)
[2019.02.05-05.09.42:820][891]LogModuleManager: Shutting down and abandoning module CommonMenuExtensions (264)
[2019.02.05-05.09.42:820][891]LogModuleManager: Shutting down and abandoning module MainFrame (262)
[2019.02.05-05.09.42:820][891]LogModuleManager: Shutting down and abandoning module HotReload (261)
[2019.02.05-05.09.42:856][891]LogModuleManager: Shutting down and abandoning module ContentBrowser (257)
[2019.02.05-05.09.42:857][891]LogModuleManager: Shutting down and abandoning module TreeMap (255)
[2019.02.05-05.09.42:860][891]LogModuleManager: Shutting down and abandoning module LightPropagationVolumeRuntime (252)
[2019.02.05-05.09.42:860][891]LogModuleManager: Shutting down and abandoning module AISupportModule (250)
[2019.02.05-05.09.42:860][891]LogModuleManager: Shutting down and abandoning module Paper2D (248)
[2019.02.05-05.09.42:868][891]LogModuleManager: Shutting down and abandoning module WindowsMoviePlayer (246)
[2019.02.05-05.09.42:874][891]LogModuleManager: Shutting down and abandoning module WebMMoviePlayer (244)
[2019.02.05-05.09.42:874][891]LogModuleManager: Shutting down and abandoning module WmfMedia (242)
[2019.02.05-05.09.42:884][891]LogModuleManager: Shutting down and abandoning module Media (241)
[2019.02.05-05.09.42:890][891]LogModuleManager: Shutting down and abandoning module PacketHandler (238)
[2019.02.05-05.09.42:890][891]LogModuleManager: Shutting down and abandoning module ClothingSystemEditor (236)
[2019.02.05-05.09.42:890][891]LogModuleManager: Shutting down and abandoning module ClothingSystemRuntime (234)
[2019.02.05-05.09.42:908][891]LogModuleManager: Shutting down and abandoning module MediaAssets (232)
[2019.02.05-05.09.42:921][891]LogModuleManager: Shutting down and abandoning module Overlay (230)
[2019.02.05-05.09.42:921][891]LogModuleManager: Shutting down and abandoning module OverlayEditor (229)
[2019.02.05-05.09.42:921][891]LogModuleManager: Shutting down and abandoning module VREditor (226)
[2019.02.05-05.09.42:932][891]LogModuleManager: Shutting down and abandoning module StringTableEditor (224)
[2019.02.05-05.09.42:940][891]LogModuleManager: Shutting down and abandoning module GameplayTasksEditor (222)
[2019.02.05-05.09.42:940][891]LogModuleManager: Shutting down and abandoning module BehaviorTreeEditor (220)
[2019.02.05-05.09.42:950][891]LogModuleManager: Shutting down and abandoning module FunctionalTesting (218)
[2019.02.05-05.09.42:951][891]LogModuleManager: Shutting down and abandoning module CollisionAnalyzer (216)
[2019.02.05-05.09.42:964][891]LogModuleManager: Shutting down and abandoning module WorkspaceMenuStructure (215)
[2019.02.05-05.09.42:964][891]LogModuleManager: Shutting down and abandoning module UMG (212)
[2019.02.05-05.09.42:991][891]LogModuleManager: Shutting down and abandoning module UMGEditor (211)
[2019.02.05-05.09.43:097][891]LogModuleManager: Shutting down and abandoning module Sequencer (210)
[2019.02.05-05.09.43:261][891]LogModuleManager: Shutting down and abandoning module MessageLog (207)
[2019.02.05-05.09.43:261][891]LogModuleManager: Shutting down and abandoning module SlateReflector (202)
[2019.02.05-05.09.43:310][891]LogModuleManager: Shutting down and abandoning module Slate (200)
[2019.02.05-05.09.43:310][891]LogModuleManager: Shutting down and abandoning module EditorStyle (198)
[2019.02.05-05.09.43:329][891]LogModuleManager: Shutting down and abandoning module MRMesh (196)
[2019.02.05-05.09.43:345][891]LogModuleManager: Shutting down and abandoning module SourceCodeAccess (194)
[2019.02.05-05.09.43:345][891]LogModuleManager: Shutting down and abandoning module HeadMountedDisplay (192)
[2019.02.05-05.09.43:345][891]LogModuleManager: Shutting down and abandoning module XAudio2 (190)
[2019.02.05-05.09.43:345][891]LogModuleManager: Shutting down and abandoning module Networking (188)
[2019.02.05-05.09.43:345][891]LogModuleManager: Shutting down and abandoning module Core (186)
[2019.02.05-05.09.43:345][891]LogModuleManager: Shutting down and abandoning module LevelSequence (184)
[2019.02.05-05.09.43:345][891]LogModuleManager: Shutting down and abandoning module KismetCompiler (182)
[2019.02.05-05.09.43:345][891]LogModuleManager: Shutting down and abandoning module MeshUtilities (180)
[2019.02.05-05.09.43:347][891]LogModuleManager: Shutting down and abandoning module MeshMergeUtilities (179)
[2019.02.05-05.09.43:369][891]LogModuleManager: Shutting down and abandoning module MeshReductionInterface (178)
[2019.02.05-05.09.43:369][891]LogModuleManager: Shutting down and abandoning module SimplygonSwarm (177)
[2019.02.05-05.09.43:378][891]LogModuleManager: Shutting down and abandoning module ProxyLODMeshReduction (175)
[2019.02.05-05.09.43:396][891]LogModuleManager: Shutting down and abandoning module SimplygonMeshReduction (173)
[2019.02.05-05.09.43:397][891]LogModuleManager: Shutting down and abandoning module QuadricMeshReduction (171)
[2019.02.05-05.09.43:405][891]LogModuleManager: Shutting down and abandoning module MaterialBaking (167)
[2019.02.05-05.09.43:415][891]LogModuleManager: Shutting down and abandoning module DirectoryWatcher (163)
[2019.02.05-05.09.43:415][891]LogModuleManager: Shutting down and abandoning module DerivedDataCache (160)
[2019.02.05-05.09.43:462][891]LogDerivedDataCache: Shutdown
[2019.02.05-05.09.43:462][891]LogModuleManager: Shutting down and abandoning module XGEController (158)
[2019.02.05-05.09.43:473][891]LogModuleManager: Shutting down and abandoning module TargetPlatform (156)
[2019.02.05-05.09.43:473][891]LogModuleManager: Shutting down and abandoning module VulkanShaderFormat (155)
[2019.02.05-05.09.43:481][891]LogModuleManager: Shutting down and abandoning module ShaderFormatVectorVM (153)
[2019.02.05-05.09.43:483][891]LogModuleManager: Shutting down and abandoning module ShaderFormatOpenGL (151)
[2019.02.05-05.09.43:492][891]LogModuleManager: Shutting down and abandoning module ShaderFormatD3D (149)
[2019.02.05-05.09.43:492][891]LogModuleManager: Shutting down and abandoning module MetalShaderFormat (147)
[2019.02.05-05.09.43:498][891]LogModuleManager: Shutting down and abandoning module TextureFormatUncompressed (145)
[2019.02.05-05.09.43:498][891]LogModuleManager: Shutting down and abandoning module TextureFormatPVR (143)
[2019.02.05-05.09.43:498][891]LogModuleManager: Shutting down and abandoning module TextureFormatDXT (141)
[2019.02.05-05.09.43:503][891]LogModuleManager: Shutting down and abandoning module TextureFormatIntelISPCTexComp (139)
[2019.02.05-05.09.43:512][891]LogModuleManager: Shutting down and abandoning module TextureFormatASTC (137)
[2019.02.05-05.09.43:512][891]LogModuleManager: Shutting down and abandoning module ImageWrapper (136)
[2019.02.05-05.09.43:512][891]LogModuleManager: Shutting down and abandoning module TextureFormatAndroid (133)
[2019.02.05-05.09.43:512][891]LogModuleManager: Shutting down and abandoning module AudioFormatOpus (131)
[2019.02.05-05.09.43:512][891]LogModuleManager: Shutting down and abandoning module AudioFormatOgg (129)
[2019.02.05-05.09.43:512][891]LogModuleManager: Shutting down and abandoning module AudioFormatADPCM (127)
[2019.02.05-05.09.43:512][891]LogModuleManager: Shutting down and abandoning module LuminTargetPlatform (125)
[2019.02.05-05.09.43:517][891]LogModuleManager: Shutting down and abandoning module LinuxTargetPlatform (123)
[2019.02.05-05.09.43:517][891]LogModuleManager: Shutting down and abandoning module LinuxServerTargetPlatform (121)
[2019.02.05-05.09.43:520][891]LogModuleManager: Shutting down and abandoning module LinuxNoEditorTargetPlatform (119)
[2019.02.05-05.09.43:520][891]LogModuleManager: Shutting down and abandoning module LinuxClientTargetPlatform (117)
[2019.02.05-05.09.43:520][891]LogModuleManager: Shutting down and abandoning module TVOSTargetPlatform (115)
[2019.02.05-05.09.43:524][891]LogModuleManager: Shutting down and abandoning module Messaging (113)
[2019.02.05-05.09.43:524][891]LogModuleManager: Shutting down and abandoning module IOSTargetPlatform (111)
[2019.02.05-05.09.43:525][891]LogModuleManager: Shutting down and abandoning module HTML5TargetPlatform (109)
[2019.02.05-05.09.43:525][891]LogModuleManager: Shutting down and abandoning module AndroidTargetPlatform (107)
[2019.02.05-05.09.43:529][891]LogModuleManager: Shutting down and abandoning module WindowsTargetPlatform (105)
[2019.02.05-05.09.43:529][891]LogModuleManager: Shutting down and abandoning module WindowsServerTargetPlatform (103)
[2019.02.05-05.09.43:529][891]LogModuleManager: Shutting down and abandoning module WindowsNoEditorTargetPlatform (101)
[2019.02.05-05.09.43:529][891]LogModuleManager: Shutting down and abandoning module WindowsClientTargetPlatform (99)
[2019.02.05-05.09.43:529][891]LogModuleManager: Shutting down and abandoning module MacTargetPlatform (97)
[2019.02.05-05.09.43:529][891]LogModuleManager: Shutting down and abandoning module MacServerTargetPlatform (95)
[2019.02.05-05.09.43:529][891]LogModuleManager: Shutting down and abandoning module MacNoEditorTargetPlatform (93)
[2019.02.05-05.09.43:529][891]LogModuleManager: Shutting down and abandoning module MacClientTargetPlatform (91)
[2019.02.05-05.09.43:529][891]LogModuleManager: Shutting down and abandoning module AllDesktopTargetPlatform (89)
[2019.02.05-05.09.43:529][891]LogModuleManager: Shutting down and abandoning module InputCore (86)
[2019.02.05-05.09.43:529][891]LogModuleManager: Shutting down and abandoning module Settings (84)
[2019.02.05-05.09.43:529][891]LogModuleManager: Shutting down and abandoning module PhysXCooking (82)
[2019.02.05-05.09.43:529][891]LogModuleManager: Shutting down and abandoning module SteamVR (80)
[2019.02.05-05.09.43:540][891]LogHMD: Freeing OpenVRDLLHandle.
[2019.02.05-05.09.43:548][891]LogModuleManager: Shutting down and abandoning module OculusHMD (78)
[2019.02.05-05.09.43:554][891]LogModuleManager: Shutting down and abandoning module ExampleDeviceProfileSelector (76)
[2019.02.05-05.09.43:554][891]LogModuleManager: Shutting down and abandoning module LauncherChunkInstaller (74)
[2019.02.05-05.09.43:554][891]LogModuleManager: Shutting down and abandoning module OnlineBlueprintSupport (72)
[2019.02.05-05.09.43:554][891]LogModuleManager: Shutting down and abandoning module OnlineSubsystem (68)
[2019.02.05-05.09.43:559][891]LogModuleManager: Shutting down and abandoning module XMPP (63)
[2019.02.05-05.09.43:594][891]LogModuleManager: Shutting down and abandoning module WebSockets (62)
[2019.02.05-05.09.43:634][891]LogModuleManager: Shutting down and abandoning module HTTP (59)
[2019.02.05-05.09.43:634][891]LogHttp: Display: Http module shutting down, but needs to wait on 1 outstanding Http requests:
[2019.02.05-05.09.43:634][891]LogHttp: Display: 	verb=[POST] url=[https://datarouter.ol.epicgames.com/datarouter/api/v1/public/data?SessionID=%7BCD0C2533-4013-9C4A-9A73-A8A85CC40059%7D&AppID=UEEditor.Rocket.Release&AppVersion=4.21.2-4753647%2B%2B%2BUE4%2BRelease-4.21&UserID=de83f43c40b63fedfdc26badda004ecb%7Ca8b61fa9a4d74a75a39619d533577e05%7C1cd15f25-0bf8-425a-a891-f7fef3eedafc&AppEnvironment=datacollector-binary&UploadType=eteventstream] status=Processing
[2019.02.05-05.09.43:639][891]LogModuleManager: Shutting down and abandoning module SSL (58)
[2019.02.05-05.09.43:641][891]LogModuleManager: Shutting down and abandoning module MagicLeapIdentity (54)
[2019.02.05-05.09.43:642][891]LogModuleManager: Shutting down and abandoning module MagicLeapHelperVulkan (52)
[2019.02.05-05.09.43:642][891]LogModuleManager: Shutting down and abandoning module MagicLeapHelperOpenGL (50)
[2019.02.05-05.09.43:642][891]LogModuleManager: Shutting down and abandoning module MagicLeapSecureStorage (48)
[2019.02.05-05.09.43:642][891]LogModuleManager: Shutting down and abandoning module MagicLeapHandTracking (46)
[2019.02.05-05.09.43:642][891]LogModuleManager: Shutting down and abandoning module MagicLeapEyeTracker (44)
[2019.02.05-05.09.43:642][891]LogModuleManager: Shutting down and abandoning module MagicLeapController (42)
[2019.02.05-05.09.43:642][891]LogSlate: Slate User Destroyed.  User Index 0, Is Virtual User: 0
[2019.02.05-05.09.43:642][891]LogModuleManager: Shutting down and abandoning module MagicLeap (40)
[2019.02.05-05.09.43:665][891]LogModuleManager: Shutting down and abandoning module DatasmithContent (38)
[2019.02.05-05.09.43:666][891]LogModuleManager: Shutting down and abandoning module AnimationModifiers (36)
[2019.02.05-05.09.43:682][891]LogModuleManager: Shutting down and abandoning module PropertyEditor (35)
[2019.02.05-05.09.43:692][891]LogModuleManager: Shutting down and abandoning module AudioEditor (32)
[2019.02.05-05.09.43:714][891]LogModuleManager: Shutting down and abandoning module TextureCompressor (30)
[2019.02.05-05.09.43:734][891]LogModuleManager: Shutting down and abandoning module ShaderCore (28)
[2019.02.05-05.09.43:734][891]LogModuleManager: Shutting down and abandoning module Landscape (26)
[2019.02.05-05.09.43:734][891]LogModuleManager: Shutting down and abandoning module SlateRHIRenderer (24)
[2019.02.05-05.09.43:743][891]LogModuleManager: Shutting down and abandoning module OpenGLDrv (22)
[2019.02.05-05.09.43:753][891]LogModuleManager: Shutting down and abandoning module D3D11RHI (20)
[2019.02.05-05.09.43:753][891]LogModuleManager: Shutting down and abandoning module AnimGraphRuntime (18)
[2019.02.05-05.09.43:761][891]LogModuleManager: Shutting down and abandoning module Renderer (16)
[2019.02.05-05.09.43:761][891]LogModuleManager: Shutting down and abandoning module Engine (14)
[2019.02.05-05.09.43:761][891]LogModuleManager: Shutting down and abandoning module CoreUObject (12)
[2019.02.05-05.09.43:761][891]LogModuleManager: Shutting down and abandoning module NetworkFile (10)
[2019.02.05-05.09.43:767][891]LogModuleManager: Shutting down and abandoning module CookedIterativeFile (8)
[2019.02.05-05.09.43:767][891]LogModuleManager: Shutting down and abandoning module StreamingFile (6)
[2019.02.05-05.09.43:774][891]LogModuleManager: Shutting down and abandoning module SandboxFile (4)
[2019.02.05-05.09.43:774][891]LogModuleManager: Shutting down and abandoning module PakFile (2)
[2019.02.05-05.09.43:804][891]LogExit: Exiting.
[2019.02.05-05.09.43:817][891]Log file closed, 02/05/19 14:09:43
